Log file open, 07/18/18 23:41:09
LogWindows: Failed to load 'aqProf.dll' (GetLastError=126)
LogWindows: File 'aqProf.dll' does not exist
LogWindows: Failed to load 'VtuneApi.dll' (GetLastError=126)
LogWindows: File 'VtuneApi.dll' does not exist
LogWindows: Failed to load 'VtuneApi32e.dll' (GetLastError=126)
LogWindows: File 'VtuneApi32e.dll' does not exist
LogInit: Display: Running engine for game: HuioMoioProject
LogPlatformFile: Not using cached read wrapper
LogInit: Display: RandInit(-1633416188) SRandInit(-1633416188).
LogInit: Read version file with build ID '3944462'
LogInit: Overriding engine version to CL 4033788, compatible CL 3944462
LogInit: Registered custom module enumerator with build ID '3944462'
LogTaskGraph: Started task graph with 5 named threads and 23 total threads with 3 sets of task threads.
LogStats: Stats thread started at 0.265349
LogD3D11RHI: Aftermath initialized
LogICUInternationalization: Display: ICU TimeZone Detection - Raw Offset: +3:00, Platform Override: ''
LogModuleManager: Display: Found up-to-date module file ../../../Engine/Plugins/2D/Paper2D/Binaries/Win64/UE4Editor-Paper2D.dll (API version 3944462).
LogModuleManager: Display: Found up-to-date module file ../../../Engine/Plugins/2D/Paper2D/Binaries/Win64/UE4Editor-Paper2DEditor.dll (API version 3944462).
LogModuleManager: Display: Found up-to-date module file ../../../Engine/Plugins/2D/Paper2D/Binaries/Win64/UE4Editor-PaperSpriteSheetImporter.dll (API version 3944462).
LogModuleManager: Display: Found up-to-date module file ../../../Engine/Plugins/2D/Paper2D/Binaries/Win64/UE4Editor-PaperTiledImporter.dll (API version 3944462).
LogModuleManager: Display: Found up-to-date module file ../../../Engine/Plugins/2D/Paper2D/Binaries/Win64/UE4Editor-SmartSnapping.dll (API version 3944462).
LogModuleManager: Display: Found up-to-date module file ../../../Engine/Plugins/Blendables/LightPropagationVolume/Binaries/Win64/UE4Editor-LightPropagationVolumeRuntime.dll (API version 3944462).
LogModuleManager: Display: Found up-to-date module file ../../../Engine/Plugins/Blendables/LightPropagationVolume/Binaries/Win64/UE4Editor-LightPropagationVolumeEditor.dll (API version 3944462).
LogModuleManager: Display: Found up-to-date module file ../../../Engine/Plugins/Developer/CLionSourceCodeAccess/Binaries/Win64/UE4Editor-CLionSourceCodeAccess.dll (API version 3944462).
LogModuleManager: Display: Found up-to-date module file ../../../Engine/Plugins/Developer/GitSourceControl/Binaries/Win64/UE4Editor-GitSourceControl.dll (API version 3944462).
LogModuleManager: Display: Found up-to-date module file ../../../Engine/Plugins/Developer/PerforceSourceControl/Binaries/Win64/UE4Editor-PerforceSourceControl.dll (API version 3944462).
LogModuleManager: Display: Found up-to-date module file ../../../Engine/Plugins/Developer/SubversionSourceControl/Binaries/Win64/UE4Editor-SubversionSourceControl.dll (API version 3944462).
LogModuleManager: Display: Found up-to-date module file ../../../Engine/Plugins/Developer/UObjectPlugin/Binaries/Win64/UE4Editor-UObjectPlugin.dll (API version 3944462).
LogModuleManager: Display: Found up-to-date module file ../../../Engine/Plugins/Developer/VisualStudioCodeSourceCodeAccess/Binaries/Win64/UE4Editor-VisualStudioCodeSourceCodeAccess.dll (API version 3944462).
LogModuleManager: Display: Found up-to-date module file ../../../Engine/Plugins/Developer/VisualStudioSourceCodeAccess/Binaries/Win64/UE4Editor-VisualStudioSourceCodeAccess.dll (API version 3944462).
LogModuleManager: Display: Found up-to-date module file ../../../Engine/Plugins/Editor/AssetManagerEditor/Binaries/Win64/UE4Editor-AssetManagerEditor.dll (API version 3944462).
LogModuleManager: Display: Found up-to-date module file ../../../Engine/Plugins/Editor/CryptoKeys/Binaries/Win64/UE4Editor-CryptoKeys.dll (API version 3944462).
LogModuleManager: Display: Found up-to-date module file ../../../Engine/Plugins/Editor/CryptoKeys/Binaries/Win64/UE4Editor-CryptoKeysOpenSSL.dll (API version 3944462).
LogModuleManager: Display: Found up-to-date module file ../../../Engine/Plugins/Editor/DataValidation/Binaries/Win64/UE4Editor-DataValidation.dll (API version 3944462).
LogModuleManager: Display: Found up-to-date module file ../../../Engine/Plugins/Editor/FacialAnimation/Binaries/Win64/UE4Editor-FacialAnimation.dll (API version 3944462).
LogModuleManager: Display: Found up-to-date module file ../../../Engine/Plugins/Editor/FacialAnimation/Binaries/Win64/UE4Editor-FacialAnimationEditor.dll (API version 3944462).
LogModuleManager: Display: Found up-to-date module file ../../../Engine/Plugins/Editor/GameplayTagsEditor/Binaries/Win64/UE4Editor-GameplayTagsEditor.dll (API version 3944462).
LogModuleManager: Display: Found up-to-date module file ../../../Engine/Plugins/Editor/MobileLauncherProfileWizard/Binaries/Win64/UE4Editor-MobileLauncherProfileWizard.dll (API version 3944462).
LogModuleManager: Display: Found up-to-date module file ../../../Engine/Plugins/Editor/PluginBrowser/Binaries/Win64/UE4Editor-PluginBrowser.dll (API version 3944462).
LogModuleManager: Display: Found up-to-date module file ../../../Engine/Plugins/Editor/SpeedTreeImporter/Binaries/Win64/UE4Editor-SpeedTreeImporter.dll (API version 3944462).
LogModuleManager: Display: Found up-to-date module file ../../../Engine/Plugins/Enterprise/DatasmithContent/Binaries/Win64/UE4Editor-DatasmithContent.dll (API version 3944462).
LogModuleManager: Display: Found up-to-date module file ../../../Engine/Plugins/Experimental/AlembicImporter/Binaries/Win64/UE4Editor-AlembicImporter.dll (API version 3944462).
LogModuleManager: Display: Found up-to-date module file ../../../Engine/Plugins/Experimental/AlembicImporter/Binaries/Win64/UE4Editor-AlembicLibrary.dll (API version 3944462).
LogModuleManager: Display: Found up-to-date module file ../../../Engine/Plugins/Experimental/CharacterAI/Binaries/Win64/UE4Editor-CharacterAI.dll (API version 3944462).
LogModuleManager: Display: Found up-to-date module file ../../../Engine/Plugins/Experimental/HTML5Networking/Binaries/Win64/UE4Editor-HTML5Networking.dll (API version 3944462).
LogModuleManager: Display: Found up-to-date module file ../../../Engine/Plugins/Media/AndroidMedia/Binaries/Win64/UE4Editor-AndroidMediaEditor.dll (API version 3944462).
LogModuleManager: Display: Found up-to-date module file ../../../Engine/Plugins/Media/AndroidMedia/Binaries/Win64/UE4Editor-AndroidMediaFactory.dll (API version 3944462).
LogModuleManager: Display: Found up-to-date module file ../../../Engine/Plugins/Media/AvfMedia/Binaries/Win64/UE4Editor-AvfMediaEditor.dll (API version 3944462).
LogModuleManager: Display: Found up-to-date module file ../../../Engine/Plugins/Media/AvfMedia/Binaries/Win64/UE4Editor-AvfMediaFactory.dll (API version 3944462).
LogModuleManager: Display: Found up-to-date module file ../../../Engine/Plugins/Media/AvfMedia/Binaries/Win64/UE4Editor-AvfMediaFactory.dll (API version 3944462).
LogModuleManager: Display: Found up-to-date module file ../../../Engine/Plugins/Media/ImgMedia/Binaries/Win64/UE4Editor-ImgMedia.dll (API version 3944462).
LogModuleManager: Display: Found up-to-date module file ../../../Engine/Plugins/Media/ImgMedia/Binaries/Win64/UE4Editor-ImgMediaEditor.dll (API version 3944462).
LogModuleManager: Display: Found up-to-date module file ../../../Engine/Plugins/Media/ImgMedia/Binaries/Win64/UE4Editor-ImgMediaFactory.dll (API version 3944462).
LogModuleManager: Display: Found up-to-date module file ../../../Engine/Plugins/Media/ImgMedia/Binaries/Win64/UE4Editor-ImgMediaFactory.dll (API version 3944462).
LogModuleManager: Display: Found up-to-date module file ../../../Engine/Plugins/Media/ImgMedia/Binaries/Win64/UE4Editor-OpenExrWrapper.dll (API version 3944462).
LogModuleManager: Display: Found up-to-date module file ../../../Engine/Plugins/Media/LinearTimecode/Binaries/Win64/UE4Editor-LinearTimecode.dll (API version 3944462).
LogModuleManager: Display: Found up-to-date module file ../../../Engine/Plugins/Media/MediaCompositing/Binaries/Win64/UE4Editor-MediaCompositing.dll (API version 3944462).
LogModuleManager: Display: Found up-to-date module file ../../../Engine/Plugins/Media/MediaCompositing/Binaries/Win64/UE4Editor-MediaCompositingEditor.dll (API version 3944462).
LogModuleManager: Display: Found up-to-date module file ../../../Engine/Plugins/Media/MediaPlayerEditor/Binaries/Win64/UE4Editor-MediaPlayerEditor.dll (API version 3944462).
LogModuleManager: Display: Found up-to-date module file ../../../Engine/Plugins/Media/WmfMedia/Binaries/Win64/UE4Editor-WmfMedia.dll (API version 3944462).
LogModuleManager: Display: Found up-to-date module file ../../../Engine/Plugins/Media/WmfMedia/Binaries/Win64/UE4Editor-WmfMediaEditor.dll (API version 3944462).
LogModuleManager: Display: Found up-to-date module file ../../../Engine/Plugins/Media/WmfMedia/Binaries/Win64/UE4Editor-WmfMediaFactory.dll (API version 3944462).
LogModuleManager: Display: Found up-to-date module file ../../../Engine/Plugins/Media/WmfMedia/Binaries/Win64/UE4Editor-WmfMediaFactory.dll (API version 3944462).
LogModuleManager: Display: Found up-to-date module file ../../../Engine/Plugins/Messaging/TcpMessaging/Binaries/Win64/UE4Editor-TcpMessaging.dll (API version 3944462).
LogModuleManager: Display: Found up-to-date module file ../../../Engine/Plugins/Messaging/UdpMessaging/Binaries/Win64/UE4Editor-UdpMessaging.dll (API version 3944462).
LogModuleManager: Display: Found up-to-date module file ../../../Engine/Plugins/MovieScene/ActorSequence/Binaries/Win64/UE4Editor-ActorSequence.dll (API version 3944462).
LogModuleManager: Display: Found up-to-date module file ../../../Engine/Plugins/MovieScene/LevelSequenceEditor/Binaries/Win64/UE4Editor-LevelSequenceEditor.dll (API version 3944462).
LogModuleManager: Display: Found up-to-date module file ../../../Engine/Plugins/MovieScene/MatineeToLevelSequence/Binaries/Win64/UE4Editor-MatineeToLevelSequence.dll (API version 3944462).
LogModuleManager: Display: Found up-to-date module file ../../../Engine/Plugins/NetcodeUnitTest/NetcodeUnitTest/Binaries/Win64/UE4Editor-NetcodeUnitTest.dll (API version 3944462).
LogModuleManager: Display: Found up-to-date module file ../../../Engine/Plugins/NetcodeUnitTest/NUTUnrealEngine4/Binaries/Win64/UE4Editor-NUTUnrealEngine4.dll (API version 3944462).
LogModuleManager: Display: Found up-to-date module file ../../../Engine/Plugins/Online/OnlineSubsystem/Binaries/Win64/UE4Editor-OnlineSubsystem.dll (API version 3944462).
LogModuleManager: Display: Found up-to-date module file ../../../Engine/Plugins/Runtime/AndroidPermission/Binaries/Win64/UE4Editor-AndroidPermission.dll (API version 3944462).
LogModuleManager: Display: Found up-to-date module file ../../../Engine/Plugins/Online/OnlineSubsystemNull/Binaries/Win64/UE4Editor-OnlineSubsystemNull.dll (API version 3944462).
LogModuleManager: Display: Found up-to-date module file ../../../Engine/Plugins/Online/OnlineSubsystemUtils/Binaries/Win64/UE4Editor-OnlineSubsystemUtils.dll (API version 3944462).
LogModuleManager: Display: Found up-to-date module file ../../../Engine/Plugins/Online/OnlineSubsystemUtils/Binaries/Win64/UE4Editor-OnlineBlueprintSupport.dll (API version 3944462).
LogModuleManager: Display: Found up-to-date module file ../../../Engine/Plugins/Runtime/AndroidDeviceProfileSelector/Binaries/Win64/UE4Editor-AndroidDeviceProfileSelector.dll (API version 3944462).
LogModuleManager: Display: Found up-to-date module file ../../../Engine/Plugins/Runtime/AppleARKit/Binaries/Win64/UE4Editor-AppleARKit.dll (API version 3944462).
LogModuleManager: Display: Found up-to-date module file ../../../Engine/Plugins/Runtime/ProceduralMeshComponent/Binaries/Win64/UE4Editor-ProceduralMeshComponent.dll (API version 3944462).
LogModuleManager: Display: Found up-to-date module file ../../../Engine/Plugins/Runtime/ProceduralMeshComponent/Binaries/Win64/UE4Editor-ProceduralMeshComponentEditor.dll (API version 3944462).
LogModuleManager: Display: Found up-to-date module file ../../../Engine/Plugins/Animation/LiveLink/Binaries/Win64/UE4Editor-LiveLink.dll (API version 3944462).
LogModuleManager: Display: Found up-to-date module file ../../../Engine/Plugins/Animation/LiveLink/Binaries/Win64/UE4Editor-LiveLinkEditor.dll (API version 3944462).
LogModuleManager: Display: Found up-to-date module file ../../../Engine/Plugins/Runtime/ArchVisCharacter/Binaries/Win64/UE4Editor-ArchVisCharacter.dll (API version 3944462).
LogModuleManager: Display: Found up-to-date module file ../../../Engine/Plugins/Runtime/AudioCapture/Binaries/Win64/UE4Editor-AudioCapture.dll (API version 3944462).
LogModuleManager: Display: Found up-to-date module file ../../../Engine/Plugins/Runtime/AudioCapture/Binaries/Win64/UE4Editor-AudioCaptureEditor.dll (API version 3944462).
LogModuleManager: Display: Found up-to-date module file ../../../Engine/Plugins/Runtime/CableComponent/Binaries/Win64/UE4Editor-CableComponent.dll (API version 3944462).
LogModuleManager: Display: Found up-to-date module file ../../../Engine/Plugins/Runtime/CustomMeshComponent/Binaries/Win64/UE4Editor-CustomMeshComponent.dll (API version 3944462).
LogModuleManager: Display: Found up-to-date module file ../../../Engine/Plugins/Runtime/ExampleDeviceProfileSelector/Binaries/Win64/UE4Editor-ExampleDeviceProfileSelector.dll (API version 3944462).
LogModuleManager: Display: Found up-to-date module file ../../../Engine/Plugins/Runtime/ImmediatePhysics/Binaries/Win64/UE4Editor-ImmediatePhysics.dll (API version 3944462).
LogModuleManager: Display: Found up-to-date module file ../../../Engine/Plugins/Runtime/ImmediatePhysics/Binaries/Win64/UE4Editor-ImmediatePhysicsEditor.dll (API version 3944462).
LogModuleManager: Display: Found up-to-date module file ../../../Engine/Plugins/Runtime/LocationServicesBPLibrary/Binaries/Win64/UE4Editor-LocationServicesBPLibrary.dll (API version 3944462).
LogModuleManager: Display: Found up-to-date module file ../../../Engine/Plugins/Runtime/MobilePatchingUtils/Binaries/Win64/UE4Editor-MobilePatchingUtils.dll (API version 3944462).
LogModuleManager: Display: Found up-to-date module file ../../../Engine/Plugins/Runtime/Oculus/OculusVR/Binaries/Win64/UE4Editor-OculusHMD.dll (API version 3944462).
LogModuleManager: Display: Found up-to-date module file ../../../Engine/Plugins/Runtime/Oculus/OculusVR/Binaries/Win64/UE4Editor-OculusInput.dll (API version 3944462).
LogModuleManager: Display: Found up-to-date module file ../../../Engine/Plugins/Runtime/Oculus/OculusVR/Binaries/Win64/UE4Editor-OculusEditor.dll (API version 3944462).
LogModuleManager: Display: Found up-to-date module file ../../../Engine/Plugins/Runtime/PhysXVehicles/Binaries/Win64/UE4Editor-PhysXVehicles.dll (API version 3944462).
LogModuleManager: Display: Found up-to-date module file ../../../Engine/Plugins/Runtime/PhysXVehicles/Binaries/Win64/UE4Editor-PhysXVehiclesEditor.dll (API version 3944462).
LogModuleManager: Display: Found up-to-date module file ../../../Engine/Plugins/Runtime/RuntimePhysXCooking/Binaries/Win64/UE4Editor-RuntimePhysXCooking.dll (API version 3944462).
LogModuleManager: Display: Found up-to-date module file ../../../Engine/Plugins/Runtime/Steam/SteamVR/Binaries/Win64/UE4Editor-SteamVR.dll (API version 3944462).
LogModuleManager: Display: Found up-to-date module file ../../../Engine/Plugins/Runtime/Steam/SteamVR/Binaries/Win64/UE4Editor-SteamVRController.dll (API version 3944462).
LogModuleManager: Display: Found up-to-date module file ../../../Engine/Plugins/Runtime/WindowsMoviePlayer/Binaries/Win64/UE4Editor-WindowsMoviePlayer.dll (API version 3944462).
LogPluginManager: Mounting plugin Paper2D
LogPluginManager: Mounting plugin LiveLink
LogPluginManager: Mounting plugin LightPropagationVolume
LogPluginManager: Mounting plugin CLionSourceCodeAccess
LogPluginManager: Mounting plugin CodeLiteSourceCodeAccess
LogPluginManager: Mounting plugin GitSourceControl
LogPluginManager: Mounting plugin KDevelopSourceCodeAccess
LogPluginManager: Mounting plugin NullSourceCodeAccess
LogPluginManager: Mounting plugin PerforceSourceControl
LogPluginManager: Mounting plugin SubversionSourceControl
LogPluginManager: Mounting plugin UObjectPlugin
LogPluginManager: Mounting plugin VisualStudioCodeSourceCodeAccess
LogPluginManager: Mounting plugin VisualStudioSourceCodeAccess
LogPluginManager: Mounting plugin XCodeSourceCodeAccess
LogPluginManager: Mounting plugin AssetManagerEditor
LogPluginManager: Mounting plugin CryptoKeys
LogPluginManager: Mounting plugin DataValidation
LogPluginManager: Mounting plugin FacialAnimation
LogPluginManager: Mounting plugin GameplayTagsEditor
LogPluginManager: Mounting plugin MobileLauncherProfileWizard
LogPluginManager: Mounting plugin PluginBrowser
LogPluginManager: Mounting plugin SpeedTreeImporter
LogPluginManager: Mounting plugin DatasmithContent
LogPluginManager: Mounting plugin AlembicImporter
LogPluginManager: Mounting plugin CharacterAI
LogPluginManager: Mounting plugin HTML5Networking
LogPluginManager: Mounting plugin AndroidMedia
LogPluginManager: Mounting plugin AvfMedia
LogPluginManager: Mounting plugin ImgMedia
LogPluginManager: Mounting plugin LinearTimecode
LogPluginManager: Mounting plugin MediaCompositing
LogPluginManager: Mounting plugin MediaPlayerEditor
LogPluginManager: Mounting plugin WmfMedia
LogPluginManager: Mounting plugin TcpMessaging
LogPluginManager: Mounting plugin UdpMessaging
LogPluginManager: Mounting plugin ActorSequence
LogPluginManager: Mounting plugin LevelSequenceEditor
LogPluginManager: Mounting plugin MatineeToLevelSequence
LogPluginManager: Mounting plugin NetcodeUnitTest
LogPluginManager: Mounting plugin NUTUnrealEngine4
LogPluginManager: Mounting plugin OnlineSubsystemGooglePlay
LogPluginManager: Mounting plugin OnlineSubsystemIOS
LogPluginManager: Mounting plugin OnlineSubsystem
LogPluginManager: Mounting plugin OnlineSubsystemNull
LogPluginManager: Mounting plugin OnlineSubsystemUtils
LogPluginManager: Mounting plugin AndroidDeviceProfileSelector
LogPluginManager: Mounting plugin AndroidMoviePlayer
LogPluginManager: Mounting plugin AndroidPermission
LogPluginManager: Mounting plugin AppleARKit
LogPluginManager: Mounting plugin AppleMoviePlayer
LogPluginManager: Mounting plugin ArchVisCharacter
LogPluginManager: Mounting plugin AudioCapture
LogPluginManager: Mounting plugin CableComponent
LogPluginManager: Mounting plugin CustomMeshComponent
LogPluginManager: Mounting plugin ExampleDeviceProfileSelector
LogPluginManager: Mounting plugin GoogleCloudMessaging
LogPluginManager: Mounting plugin ImmediatePhysics
LogPluginManager: Mounting plugin IOSDeviceProfileSelector
LogPluginManager: Mounting plugin LinuxDeviceProfileSelector
LogPluginManager: Mounting plugin LocationServicesBPLibrary
LogPluginManager: Mounting plugin MobilePatchingUtils
LogPluginManager: Mounting plugin OculusVR
LogPluginManager: Plugin shader directory ../../../Engine/Plugins/Runtime/Oculus/OculusVR/Shaders found
LogPluginManager: Mapping shader source directory ../../../Engine/Plugins/Runtime/Oculus/OculusVR/Shaders to virtual directory /Plugin/OculusVR
LogPluginManager: Mounting plugin PhysXVehicles
LogPluginManager: Mounting plugin ProceduralMeshComponent
LogPluginManager: Mounting plugin RuntimePhysXCooking
LogPluginManager: Mounting plugin SteamVR
LogPluginManager: Mounting plugin WindowsMoviePlayer
LogStreaming: Display: Took  0.910s to configure plugins.
LogInit: Using libcurl 7.47.1
LogInit:  - built for x86_64-pc-win32
LogInit:  - supports SSL with OpenSSL/1.0.2g
LogInit:  - supports HTTP deflate (compression) using libz 1.2.8
LogInit:  - other features:
LogInit:      CURL_VERSION_SSL
LogInit:      CURL_VERSION_LIBZ
LogInit:      CURL_VERSION_IPV6
LogInit:      CURL_VERSION_ASYNCHDNS
LogInit:      CURL_VERSION_LARGEFILE
LogInit:      CURL_VERSION_IDN
LogInit:  CurlRequestOptions (configurable via config and command line):
LogInit:  - bVerifyPeer = false  - Libcurl will NOT verify peer certificate
LogInit:  - bUseHttpProxy = false  - Libcurl will NOT use HTTP proxy
LogInit:  - bDontReuseConnections = false  - Libcurl will reuse connections
LogInit:  - CertBundlePath = nullptr  - Libcurl will use whatever was configured at build time.
LogInit:  - MaxHostConnections = 16  - Libcurl will limit the number of connections to a host
LogInit:  - LocalHostAddr = Default
LogInit: WinSock: version 1.1 (2.2), MaxSocks=32767, MaxUdp=65467
LogInit: WinSock: I am DESKTOP-3NVEQS8 (192.168.1.33:0)
LogInit: Build: ++UE4+Release-4.19-CL-4033788
LogInit: Engine Version: 4.19.2-4033788+++UE4+Release-4.19
LogInit: Compatible Engine Version: 4.19.0-3944462+++UE4+Release-4.19
LogInit: Net CL: 3944462
LogDevObjectVersion: Number of dev versions registered: 18
LogDevObjectVersion:   Dev-Blueprints (B0D832E4-1F89-4F0D-ACCF-7EB736FD4AA2): 10
LogDevObjectVersion:   Dev-Build (E1C64328-A22C-4D53-A36C-8E866417BD8C): 0
LogDevObjectVersion:   Dev-Core (375EC13C-06E4-48FB-B500-84F0262A717E): 2
LogDevObjectVersion:   Dev-Editor (E4B068ED-F494-42E9-A231-DA0B2E46BB41): 23
LogDevObjectVersion:   Dev-Framework (CFFC743F-43B0-4480-9391-14DF171D2073): 33
LogDevObjectVersion:   Dev-Mobile (B02B49B5-BB20-44E9-A304-32B752E40360): 2
LogDevObjectVersion:   Dev-Networking (A4E4105C-59A1-49B5-A7C5-40C4547EDFEE): 0
LogDevObjectVersion:   Dev-Online (39C831C9-5AE6-47DC-9A44-9C173E1C8E7C): 0
LogDevObjectVersion:   Dev-Physics (78F01B33-EBEA-4F98-B9B4-84EACCB95AA2): 0
LogDevObjectVersion:   Dev-Platform (6631380F-2D4D-43E0-8009-CF276956A95A): 0
LogDevObjectVersion:   Dev-Rendering (12F88B9F-8875-4AFC-A67C-D90C383ABD29): 25
LogDevObjectVersion:   Dev-Sequencer (7B5AE74C-D270-4C10-A958-57980B212A5A): 6
LogDevObjectVersion:   Dev-VR (D7296918-1DD6-4BDD-9DE2-64A83CC13884): 1
LogDevObjectVersion:   Dev-LoadTimes (C2A15278-BFE7-4AFE-6C17-90FF531DF755): 1
LogDevObjectVersion:   Private-Geometry (6EACA3D4-40EC-4CC1-B786-8BED09428FC5): 2
LogDevObjectVersion:   Dev-AnimPhys (29E575DD-E0A3-4627-9D10-D276232CDCEA): 16
LogDevObjectVersion:   Dev-ReflectionCapture (6B266CEC-1EC7-4B8F-A30B-E4D90942FC07): 1
LogDevObjectVersion:   Dev-Automation (0DF73D61-A23F-47EA-B727-89E90C41499A): 1
LogInit: Compiled (64-bit): Apr 27 2018 02:06:57
LogInit: Compiled with Visual C++: 19.00.24215.01
LogInit: Build Configuration: Development
LogInit: Branch Name: ++UE4+Release-4.19
LogInit: Command Line:  
LogInit: Base Directory: D:/UnrealEngine/UE_4.19/Engine/Binaries/Win64/
LogInit: Installed Engine Build: 1
LogStreaming: Display: Took  0.000s to delete old logs.
LogInit: Presizing for max 8388607 objects, including 0 objects not considered by GC, pre-allocating 0 bytes for permanent pool.
LogInit: Object subsystem initialized
[2018.07.18-20.41.11:127][  0]LogInit: Selected Device Profile: [Windows]
[2018.07.18-20.41.11:127][  0]LogInit: Applying CVar settings loaded from the selected device profile: [Windows]
[2018.07.18-20.41.11:175][  0]LogInit: Computer: DESKTOP-3NVEQS8
[2018.07.18-20.41.11:175][  0]LogInit: User: Majestic
[2018.07.18-20.41.11:175][  0]LogInit: CPU Page size=4096, Cores=4
[2018.07.18-20.41.11:175][  0]LogInit: High frequency timer resolution =3.320324 MHz
[2018.07.18-20.41.11:176][  0]LogMemory: Memory total: Physical=15.9GB (16GB approx)
[2018.07.18-20.41.11:176][  0]LogMemory: Platform Memory Stats for Windows
[2018.07.18-20.41.11:176][  0]LogMemory: Process Physical Memory: 276.52 MB used, 276.52 MB peak
[2018.07.18-20.41.11:176][  0]LogMemory: Process Virtual Memory: 269.03 MB used, 269.03 MB peak
[2018.07.18-20.41.11:176][  0]LogMemory: Physical Memory: 3801.89 MB used,  12510.06 MB free, 16311.96 MB total
[2018.07.18-20.41.11:176][  0]LogMemory: Virtual Memory: 4797.35 MB used,  12510.06 MB free, 134217728.00 MB total
[2018.07.18-20.41.11:317][  0]LogInit: Using OS detected language (ru-RU).
[2018.07.18-20.41.11:317][  0]LogInit: Using OS detected locale (ru-RU).
[2018.07.18-20.41.11:404][  0]LogTextLocalizationManager: No localization for 'ru-RU' exists, so 'en' will be used for the language.
[2018.07.18-20.41.12:073][  0]LogStreaming: Display: Took  0.756s to EndInitTextLocalization.
[2018.07.18-20.41.12:253][  0]LogSlate: New Slate User Created.  User Index 0, Is Virtual User: 0
[2018.07.18-20.41.12:253][  0]LogSlate: Slate User Registered.  User Index 0, Is Virtual User: 0
[2018.07.18-20.41.12:539][  0]LogD3D11RHI: D3D11 adapters:
[2018.07.18-20.41.12:584][  0]LogD3D11RHI:    0. 'NVIDIA GeForce GTX 1070' (Feature Level 11_0)
[2018.07.18-20.41.12:584][  0]LogD3D11RHI:       8088/0/8155 MB DedicatedVideo/DedicatedSystem/SharedSystem, Outputs:1, VendorId:0x10de
[2018.07.18-20.41.12:586][  0]LogD3D11RHI:    1. 'Microsoft Basic Render Driver' (Feature Level 11_0)
[2018.07.18-20.41.12:586][  0]LogD3D11RHI:       0/0/8155 MB DedicatedVideo/DedicatedSystem/SharedSystem, Outputs:0, VendorId:0x1414
[2018.07.18-20.41.12:586][  0]LogD3D11RHI: Chosen D3D11 Adapter: 0
[2018.07.18-20.41.12:590][  0]LogD3D11RHI: Creating new Direct3DDevice
[2018.07.18-20.41.12:590][  0]LogD3D11RHI:     GPU DeviceId: 0x1b81 (for the marketing name, search the web for "GPU Device Id")
[2018.07.18-20.41.12:590][  0]LogWindows: EnumDisplayDevices:
[2018.07.18-20.41.12:590][  0]LogWindows:    0. 'NVIDIA GeForce GTX 1070' (P:1 D:1)
[2018.07.18-20.41.12:590][  0]LogWindows:    1. 'NVIDIA GeForce GTX 1070' (P:0 D:0)
[2018.07.18-20.41.12:590][  0]LogWindows:    2. 'NVIDIA GeForce GTX 1070' (P:0 D:0)
[2018.07.18-20.41.12:590][  0]LogWindows:    3. 'NVIDIA GeForce GTX 1070' (P:0 D:0)
[2018.07.18-20.41.12:590][  0]LogWindows: DebugString: GetVideoDriverDetailsInvalid PrimaryIsNotTheChoosenAdapter GetVideoDriverDetailsInvalid PrimaryIsNotTheChoosenAdapter GetVideoDriverDetailsInvalid PrimaryIsNotTheChoosenAdapter GetVideoDriverDetailsInvalid PrimaryIsNotTheChoosenAdapter FoundDriverCount:0 
[2018.07.18-20.41.12:590][  0]LogD3D11RHI:     Adapter Name: NVIDIA GeForce GTX 1070
[2018.07.18-20.41.12:590][  0]LogD3D11RHI:   Driver Version: Unknown (internal:Unknown, unified:Unknown)
[2018.07.18-20.41.12:590][  0]LogD3D11RHI:      Driver Date: Unknown
[2018.07.18-20.41.12:590][  0]LogRHI: Texture pool is 5661 MB (70% of 8088 MB)
[2018.07.18-20.41.12:613][  0]LogD3D11RHI: [Aftermath] Aftermath enabled and primed
[2018.07.18-20.41.12:613][  0]LogD3D11RHI: [Aftermath] Aftermath enabled and primed
[2018.07.18-20.41.12:613][  0]LogD3D11RHI: Async texture creation enabled
[2018.07.18-20.41.12:630][  0]LogD3D11RHI: GPU Timing Frequency: 1000.000000 (Debug: 2 2)
[2018.07.18-20.41.12:678][  0]LogShaderCompilers: Guid format shader working directory is 0 characters bigger than the processId version (../../../../../UEstaff/HuioMoio2d/HuioMoioProject/Intermediate/Shaders/WorkingDirectory/6544/).
[2018.07.18-20.41.12:678][  0]LogShaderCompilers: Cleaned the shader compiler working directory 'C:/Users/Majestic/AppData/Local/Temp/UnrealShaderWorkingDir/757535E74BFA9A49129807A705B404D6/'.
[2018.07.18-20.41.13:572][  0]LogTemp: Display: Loaded TP AllDesktopTargetPlatform
[2018.07.18-20.41.13:583][  0]LogTemp: Display: Loaded TP MacClientTargetPlatform
[2018.07.18-20.41.13:593][  0]LogTemp: Display: Loaded TP MacNoEditorTargetPlatform
[2018.07.18-20.41.13:604][  0]LogTemp: Display: Loaded TP MacServerTargetPlatform
[2018.07.18-20.41.13:623][  0]LogTemp: Display: Loaded TP MacTargetPlatform
[2018.07.18-20.41.13:634][  0]LogTemp: Display: Loaded TP WindowsClientTargetPlatform
[2018.07.18-20.41.13:645][  0]LogTemp: Display: Loaded TP WindowsNoEditorTargetPlatform
[2018.07.18-20.41.13:656][  0]LogTemp: Display: Loaded TP WindowsServerTargetPlatform
[2018.07.18-20.41.13:661][  0]LogTemp: Display: Loaded TP WindowsTargetPlatform
[2018.07.18-20.41.13:671][  0]LogTemp: Display: Loaded TP Android_ASTCTargetPlatform
[2018.07.18-20.41.13:681][  0]LogTemp: Display: Loaded TP Android_ATCTargetPlatform
[2018.07.18-20.41.13:691][  0]LogTemp: Display: Loaded TP Android_DXTTargetPlatform
[2018.07.18-20.41.13:701][  0]LogTemp: Display: Loaded TP Android_ETC1aTargetPlatform
[2018.07.18-20.41.13:711][  0]LogTemp: Display: Loaded TP Android_ETC1TargetPlatform
[2018.07.18-20.41.13:721][  0]LogTemp: Display: Loaded TP Android_ETC2TargetPlatform
[2018.07.18-20.41.13:741][  0]LogTemp: Display: Loaded TP Android_MultiTargetPlatform
[2018.07.18-20.41.13:741][  0]LogTemp: Display: Loaded TP Android_PVRTCTargetPlatform
[2018.07.18-20.41.13:757][  0]LogTemp: Display: Loaded TP AndroidTargetPlatform
[2018.07.18-20.41.13:761][  0]LogTemp: Display: Loaded TP HTML5TargetPlatform
[2018.07.18-20.41.13:805][  0]LogTemp: Display: Loaded TP IOSTargetPlatform
[2018.07.18-20.41.13:815][  0]LogTemp: Display: Loaded TP TVOSTargetPlatform
[2018.07.18-20.41.13:826][  0]LogTemp: Display: Loaded TP LinuxClientTargetPlatform
[2018.07.18-20.41.13:836][  0]LogTemp: Display: Loaded TP LinuxNoEditorTargetPlatform
[2018.07.18-20.41.13:846][  0]LogTemp: Display: Loaded TP LinuxServerTargetPlatform
[2018.07.18-20.41.13:864][  0]LogTemp: Display: Loaded TP LinuxTargetPlatform
[2018.07.18-20.41.13:865][  0]LogTargetPlatformManager: Display: Building Assets For Windows
[2018.07.18-20.41.14:188][  0]LogXGEController: Cleaning working directory: C:/Users/Majestic/AppData/Local/Temp/UnrealXGEWorkingDir/
[2018.07.18-20.41.14:188][  0]LogXGEController: Cannot use XGE Controller as Incredibuild is not installed on this machine.
[2018.07.18-20.41.14:188][  0]LogShaderCompilers: Cannot use XGE Shader Compiler as Incredibuild is not installed on this machine.
[2018.07.18-20.41.14:188][  0]LogShaderCompilers: Display: Using Local Shader Compiler.
[2018.07.18-20.41.15:298][  0]LogDerivedDataCache: Display: Max Cache Size: 512 MB
[2018.07.18-20.41.15:880][  0]LogDerivedDataCache: Loaded boot cache 0.58s 74MB C:/Users/Majestic/AppData/Local/UnrealEngine/4.19/DerivedDataCache/Boot.ddc.
[2018.07.18-20.41.15:880][  0]LogDerivedDataCache: Display: Loaded Boot cache: C:/Users/Majestic/AppData/Local/UnrealEngine/4.19/DerivedDataCache/Boot.ddc
[2018.07.18-20.41.15:880][  0]LogDerivedDataCache: FDerivedDataBackendGraph:  Pak pak cache file ../../../../../UEstaff/HuioMoio2d/HuioMoioProject/DerivedDataCache/DDC.ddp not found, will not use a pak cache.
[2018.07.18-20.41.15:880][  0]LogDerivedDataCache: Unable to find inner node Pak for hierarchical cache Hierarchy.
[2018.07.18-20.41.15:880][  0]LogDerivedDataCache: FDerivedDataBackendGraph:  CompressedPak pak cache file ../../../../../UEstaff/HuioMoio2d/HuioMoioProject/DerivedDataCache/Compressed.ddp not found, will not use a pak cache.
[2018.07.18-20.41.15:880][  0]LogDerivedDataCache: Unable to find inner node CompressedPak for hierarchical cache Hierarchy.
[2018.07.18-20.41.15:997][  0]LogDerivedDataCache: Display: Pak cache opened for reading ../../../Engine/DerivedDataCache/Compressed.ddp.
[2018.07.18-20.41.16:010][  0]LogDerivedDataCache: Using Local data cache path C:/Users/Majestic/AppData/Local/UnrealEngine/Common/DerivedDataCache: Writable
[2018.07.18-20.41.16:010][  0]LogDerivedDataCache: Shared data cache path not found in *engine.ini, will not use an Shared cache.
[2018.07.18-20.41.16:010][  0]LogDerivedDataCache: Unable to find inner node Shared for hierarchical cache Hierarchy.
[2018.07.18-20.41.16:022][  0]LogMaterial: Verifying Global Shaders for PCD3D_SM5
[2018.07.18-20.41.16:022][  0]LogSlate: Using Freetype 2.6.0
[2018.07.18-20.41.16:049][  0]LogSlate: SlateFontCache - WITH_FREETYPE: 1, WITH_HARFBUZZ: 1
[2018.07.18-20.41.16:049][  0]LogSlate: SlateFontCache - WITH_FREETYPE: 1, WITH_HARFBUZZ: 1
[2018.07.18-20.41.17:886][  0]LogAssetRegistry: FAssetRegistry took 0.0256 seconds to start up
[2018.07.18-20.41.18:245][  0]LogInit: Selected Device Profile: [Windows]
[2018.07.18-20.41.19:330][  0]LogSimplygon: Simplygon DLL not present - disabling.
[2018.07.18-20.41.19:333][  0]LogMeshReduction: Using SimplygonSwarm for distributed automatic mesh merging
[2018.07.18-20.41.19:333][  0]LogMeshReduction: Using QuadricMeshReduction for automatic static mesh reduction
[2018.07.18-20.41.19:333][  0]LogMeshReduction: No automatic skeletal mesh reduction module available
[2018.07.18-20.41.19:333][  0]LogMeshReduction: No automatic mesh merging module available
[2018.07.18-20.41.19:333][  0]LogMeshMerging: No automatic mesh merging module available
[2018.07.18-20.41.19:357][  0]LogNetVersion: HuioMoioProject , NetCL: 3944462, EngineNetVer: 2, GameNetVer: 0 (Checksum: 931987401)
[2018.07.18-20.41.20:940][  0]LogPackageLocalizationCache: Processed 9 localized package path(s) for 1 prioritized culture(s) in 0.039907 seconds
[2018.07.18-20.41.20:945][  0]LogUObjectArray: 36728 objects as part of root set at end of initial load.
[2018.07.18-20.41.20:945][  0]LogUObjectAllocator: 7314304 out of 0 bytes used by permanent object pool.
[2018.07.18-20.41.20:945][  0]LogUObjectArray: CloseDisregardForGC: 0/0 objects in disregard for GC pool
[2018.07.18-20.41.37:049][  0]LogTcpMessaging: Initializing TcpMessaging bridge
[2018.07.18-20.41.37:071][  0]LogUdpMessaging: Initializing bridge on interface 0.0.0.0:0 to multicast group 230.0.0.1:6666.
[2018.07.18-20.41.37:544][  0]SourceControl: Source control is disabled
[2018.07.18-20.41.37:544][  0]SourceControl: Source control is disabled
[2018.07.18-20.41.37:564][  0]SourceControl: Source control is disabled
[2018.07.18-20.41.37:578][  0]SourceControl: Source control is disabled
[2018.07.18-20.41.38:254][  0]LogAndroidPermission: UAndroidPermissionCallbackProxy::GetInstance
[2018.07.18-20.41.38:354][  0]LogOcInput: OculusInput pre-init called
[2018.07.18-20.41.38:478][  0]LogEngine: Initializing Engine...
[2018.07.18-20.41.38:479][  0]LogHMD: Failed to initialize OpenVR with code 110
[2018.07.18-20.41.38:480][  0]LogStats: UGameplayTagsManager::ConstructGameplayTagTree: Construct from data asset -  0.000 s
[2018.07.18-20.41.38:480][  0]LogStats: UGameplayTagsManager::ConstructGameplayTagTree: GameplayTagTreeChangedEvent.Broadcast -  0.000 s
[2018.07.18-20.41.38:750][  0]LogAIModule: Creating AISystem for world Untitled
[2018.07.18-20.41.38:756][  0]LogInit: XAudio2 using 'Динамики (Устройство с поддержкой High Definition Audio)' : 2 channels at 44.1 kHz using 16 bits per sample (channel mask 0x3)
[2018.07.18-20.41.38:766][  0]LogInit: FAudioDevice initialized.
[2018.07.18-20.41.38:919][  0]LogDerivedDataCache: Saved boot cache 0.15s 74MB C:/Users/Majestic/AppData/Local/UnrealEngine/4.19/DerivedDataCache/Boot.ddc.
[2018.07.18-20.41.38:932][  0]LogInit: Texture streaming: Enabled
[2018.07.18-20.41.38:965][  0]LogEngineSessionManager: EngineSessionManager initialized
[2018.07.18-20.41.38:965][  0]LogEngineSessionManager: EngineSessionManager sent abnormal shutdown report. Type=AbnormalShutdown, SessionId={1CCC8729-48CC-D455-9981-ED9E80649CA4}
[2018.07.18-20.41.38:986][  0]LogInit: Transaction tracking system initialized
[2018.07.18-20.41.39:002][  0]BlueprintLog: New page: Editor Load
[2018.07.18-20.41.39:083][  0]LocalizationService: Localization service is disabled
[2018.07.18-20.41.39:244][  0]LogConsoleResponse: Display: 
[2018.07.18-20.41.41:274][  0]LogCook: Display: Max memory allowance for cook 16384mb min free memory 0mb
[2018.07.18-20.41.41:274][  0]LogCook: Display: Mobile HDR setting 1
[2018.07.18-20.41.41:274][  0]LogFileCache: Scanning file cache for directory 'D:/UEstaff/HuioMoio2d/HuioMoioProject/Content/' took 0.01s
[2018.07.18-20.41.41:274][  0]LogGameplayTags: Display: UGameplayTagsManager::DoneAddingNativeTags. DelegateIsBound: 0
[2018.07.18-20.41.41:274][  0]LogStats: UGameplayTagsManager::ConstructGameplayTagTree: Construct from data asset -  0.000 s
[2018.07.18-20.41.41:274][  0]LogStats: UGameplayTagsManager::ConstructGameplayTagTree: GameplayTagTreeChangedEvent.Broadcast -  0.000 s
[2018.07.18-20.41.42:340][  0]SourceControl: Source control is disabled
[2018.07.18-20.41.42:340][  0]Cmd: MAP LOAD FILE="../../../Engine/Content/Maps/Templates/Template_Default.umap" TEMPLATE=1 SHOWPROGRESS=1 FEATURELEVEL=3
[2018.07.18-20.41.42:352][  0]LightingResults: New page: Lighting Build
[2018.07.18-20.41.42:354][  0]MapCheck: New page: Map Check
[2018.07.18-20.41.42:354][  0]LightingResults: New page: Lighting Build
[2018.07.18-20.41.42:718][  0]LogAIModule: Creating AISystem for world Untitled_1
[2018.07.18-20.41.42:730][  0]LogEditorServer: Finished looking for orphan Actors (0.000 secs)
[2018.07.18-20.41.42:741][  0]Cmd: MAP CHECKDEP NOCLEARLOG
[2018.07.18-20.41.42:776][  0]MapCheck: Map check complete: 0 Error(s), 0 Warning(s), took 35,037ms to complete.
[2018.07.18-20.41.42:776][  0]LogFileHelpers: Loading map 'Template_Default' took 0.436
[2018.07.18-20.41.42:894][  0]LogCollectionManager: Loaded 0 collections in 0.000839 seconds
[2018.07.18-20.41.42:935][  0]LogFileCache: Scanning file cache for directory 'D:/UEstaff/HuioMoio2d/HuioMoioProject/Saved/Collections/' took 0.01s
[2018.07.18-20.41.42:935][  0]LogFileCache: Scanning file cache for directory 'D:/UEstaff/HuioMoio2d/HuioMoioProject/Content/Developers/Majestic/Collections/' took 0.01s
[2018.07.18-20.41.42:935][  0]LogFileCache: Scanning file cache for directory 'D:/UEstaff/HuioMoio2d/HuioMoioProject/Content/Collections/' took 0.01s
[2018.07.18-20.41.42:935][  0]LogCollectionManager: Rebuilt the GUID cache for 0 collections in 0.000000 seconds
[2018.07.18-20.41.42:944][  0]LogContentBrowser: Native class hierarchy populated in 0.0093 seconds. Added 2452 classes and 558 folders.
[2018.07.18-20.41.42:950][  0]LogContentBrowser: Native class hierarchy updated for 'WidgetCarousel' in 0.0002 seconds. Added 0 classes and 0 folders.
[2018.07.18-20.41.43:981][  0]LogContentBrowser: Native class hierarchy updated for 'AddContentDialog' in 0.0004 seconds. Added 0 classes and 0 folders.
[2018.07.18-20.41.44:047][  0]LogContentBrowser: Native class hierarchy updated for 'SceneOutliner' in 0.0003 seconds. Added 1 classes and 2 folders.
[2018.07.18-20.41.44:076][  0]LogSlate: Took 0.011083 seconds to synchronously load lazily loaded font '../../../Engine/Content/Slate/Fonts/Roboto-Regular.ttf' (155K)
[2018.07.18-20.41.44:097][  0]LogSlate: Took 0.018811 seconds to synchronously load lazily loaded font '../../../Engine/Content/Slate/Fonts/Roboto-Bold.ttf' (160K)
[2018.07.18-20.41.44:107][  0]LogSlate: Took 0.008732 seconds to synchronously load lazily loaded font '../../../Engine/Content/Editor/Slate/Fonts/FontAwesome.ttf' (139K)
[2018.07.18-20.41.44:234][  0]LogRenderer: Reallocating scene render targets to support 940x712 Format 10 NumSamples 1 (Frame:1).
[2018.07.18-20.41.44:359][  0]LogContentBrowser: Native class hierarchy updated for 'HierarchicalLODOutliner' in 0.0002 seconds. Added 0 classes and 0 folders.
[2018.07.18-20.41.44:359][  0]LogLoad: (Engine Initialization) Total time: 38.93 seconds
[2018.07.18-20.41.44:359][  0]LogLoad: (Engine Initialization) Total Blueprint compile time: 0.00 seconds
[2018.07.18-20.41.44:717][  0]LogContentStreaming: Texture pool size now 1000 MB
[2018.07.18-20.41.44:768][  0]LogSlate: Took 0.022130 seconds to synchronously load lazily loaded font '../../../Engine/Content/Slate/Fonts/Roboto-Light.ttf' (167K)
[2018.07.18-20.41.45:040][  1]LogAssetRegistry: Asset discovery search completed in 27.1764 seconds
[2018.07.18-20.41.45:063][  1]LogCollectionManager: Rebuilt the object cache for 0 collections in 0.000001 seconds (found 0 objects)
[2018.07.18-20.41.45:063][  1]LogCollectionManager: Fixed up redirectors for 0 collections in 0.000075 seconds (updated 0 objects)
[2018.07.18-20.41.51:279][616]LogSlate: FSceneViewport::OnFocusLost() reason 0
[2018.07.18-20.41.57:761][391]LogLinker: Warning: Can't find file '/Game/Untitled_BuiltData'
[2018.07.18-20.41.57:761][391]LogLinker: Warning: Can't find file for asset '/Game/Untitled_BuiltData' while loading ../../../../../UEstaff/HuioMoio2d/HuioMoioProject/Content/Untitled.umap.
[2018.07.18-20.41.57:761][391]LoadErrors: Error: /Game/Untitled : Can't find file for asset. /Game/Untitled_BuiltData
[2018.07.18-20.41.57:761][391]LogLinker: Warning: Can't find file '/Game/Untitled_BuiltData'
[2018.07.18-20.41.57:761][391]LogLinker: Warning: Can't find file for asset '/Game/Untitled_BuiltData' while loading ../../../../../UEstaff/HuioMoio2d/HuioMoioProject/Content/Untitled.umap.
[2018.07.18-20.41.57:762][391]LogLinker: Warning: Can't find file '/Game/Untitled_BuiltData'
[2018.07.18-20.41.57:763][391]LoadErrors: Failed to load /Game/Untitled_BuiltData.Untitled_BuiltData Referenced by PersistentLevel
[2018.07.18-20.41.57:763][391]LogLinker: Warning: Can't find file for asset '/Game/Untitled_BuiltData' while loading NULL.
[2018.07.18-20.41.57:763][391]LogAIModule: Creating AISystem for world Untitled
[2018.07.18-20.41.58:802][391]LogSlate: Window 'Delete Assets' being destroyed
[2018.07.18-20.41.58:808][391]LogSlate: Took 0.000186 seconds to synchronously load lazily loaded font '../../../Engine/Content/Slate/Fonts/Roboto-Light.ttf' (167K)
[2018.07.18-20.42.00:473][577]LogAIModule: Creating AISystem for world DefaultLevel
[2018.07.18-20.42.00:487][577]Cmd: MAP LOAD FILE="../../../../../UEstaff/HuioMoio2d/HuioMoioProject/Content/Maps/DefaultLevel.umap" TEMPLATE=0 SHOWPROGRESS=1 FEATURELEVEL=3
[2018.07.18-20.42.00:487][577]LightingResults: New page: Lighting Build
[2018.07.18-20.42.00:488][577]LoadErrors: New page: Loading map: DefaultLevel.umap
[2018.07.18-20.42.00:488][577]MapCheck: New page: Map Check
[2018.07.18-20.42.00:488][577]LightingResults: New page: Lighting Build
[2018.07.18-20.42.00:499][577]LogEditorServer: Finished looking for orphan Actors (0.000 secs)
[2018.07.18-20.42.00:512][577]Cmd: MAP CHECKDEP NOCLEARLOG
[2018.07.18-20.42.00:544][577]MapCheck: Map check complete: 0 Error(s), 0 Warning(s), took 31,719ms to complete.
[2018.07.18-20.42.00:544][577]LogFileHelpers: Loading map 'DefaultLevel' took 0.058
[2018.07.18-20.42.09:583][635]LogRenderer: Reallocating scene render targets to support 944x732 Format 10 NumSamples 1 (Frame:651).
[2018.07.18-20.42.11:100][816]LogSlate: Window 'Widget Reflector' being destroyed
[2018.07.18-20.42.11:103][816]LogSlate: Window 'Widget Reflector' being destroyed
[2018.07.18-20.42.22:867][220]LogSlate: FSceneViewport::OnFocusLost() reason 2
[2018.07.18-20.47.18:134][300]LogSlate: FSceneViewport::OnFocusLost() reason 0
[2018.07.18-21.12.48:276][904]LogWindowsTextInputMethodSystem: Display: IME system now deactivated.
[2018.07.18-21.12.48:276][904]LogWindowsTextInputMethodSystem: Display: IME system now deactivated.
[2018.07.18-21.30.03:439][834]LogSlate: FSceneViewport::OnFocusLost() reason 0
[2018.07.18-22.01.42:477][807]LogFactory: FactoryCreateFile: Texture with ReimportTextureFactory (0 0 D:\UEstaff\Textures\Base Ground Color.png)
[2018.07.18-22.01.42:513][807]LogTexture: Display: Building textures: Base_Ground_Color (AutoDXT, 32X32)
[2018.07.18-22.01.42:600][807]LogFactory: FactoryCreateFile: Texture with ReimportTextureFactory (0 0 D:\UEstaff\Textures\Base House Floor.png)
[2018.07.18-22.01.42:603][807]LogTexture: Display: Building textures: Base_House_Floor (AutoDXT, 32X32)
[2018.07.18-22.01.42:607][807]LogFactory: FactoryCreateFile: Texture with ReimportTextureFactory (0 0 D:\UEstaff\Textures\DestructableObject.png)
[2018.07.18-22.01.42:610][807]LogTexture: Display: Building textures: DestructableObject (AutoDXT, 8X8)
[2018.07.18-22.01.42:616][807]LogFactory: FactoryCreateFile: Texture with ReimportTextureFactory (0 0 D:\UEstaff\Textures\Walls.png)
[2018.07.18-22.01.42:618][807]LogTexture: Display: Building textures: Walls (AutoDXT, 8X8)
[2018.07.18-22.01.48:184][460]Cmd: OBJ SAVEPACKAGE PACKAGE="/Game/Colors/BaseColors/Base_Ground_Color" FILE="../../../../../UEstaff/HuioMoio2d/HuioMoioProject/Content/Colors/BaseColors/Base_Ground_Color.uasset" SILENT=true
[2018.07.18-22.01.48:197][460]LogSavePackage: Save=12.00ms
[2018.07.18-22.01.48:197][460]LogSavePackage: Moving '../../../../../UEstaff/HuioMoio2d/HuioMoioProject/Saved/Base_Ground_Color2E2254A54C65D3294FF908A749424394.tmp' to '../../../../../UEstaff/HuioMoio2d/HuioMoioProject/Content/Colors/BaseColors/Base_Ground_Color.uasset'
[2018.07.18-22.01.48:198][460]LogSavePackage: Display: Finished SavePackage ../../../../../UEstaff/HuioMoio2d/HuioMoioProject/Content/Colors/BaseColors/Base_Ground_Color.uasset
[2018.07.18-22.01.48:203][460]Cmd: OBJ SAVEPACKAGE PACKAGE="/Game/Colors/BaseColors/Base_House_Floor" FILE="../../../../../UEstaff/HuioMoio2d/HuioMoioProject/Content/Colors/BaseColors/Base_House_Floor.uasset" SILENT=true
[2018.07.18-22.01.48:205][460]LogSavePackage: Save=1.14ms
[2018.07.18-22.01.48:205][460]LogSavePackage: Moving '../../../../../UEstaff/HuioMoio2d/HuioMoioProject/Saved/Base_House_FloorC233DA774434AB30102DD89FDE549612.tmp' to '../../../../../UEstaff/HuioMoio2d/HuioMoioProject/Content/Colors/BaseColors/Base_House_Floor.uasset'
[2018.07.18-22.01.48:205][460]LogSavePackage: Display: Finished SavePackage ../../../../../UEstaff/HuioMoio2d/HuioMoioProject/Content/Colors/BaseColors/Base_House_Floor.uasset
[2018.07.18-22.01.48:210][460]Cmd: OBJ SAVEPACKAGE PACKAGE="/Game/Colors/BaseColors/DestructableObject" FILE="../../../../../UEstaff/HuioMoio2d/HuioMoioProject/Content/Colors/BaseColors/DestructableObject.uasset" SILENT=true
[2018.07.18-22.01.48:212][460]LogSavePackage: Save=1.09ms
[2018.07.18-22.01.48:212][460]LogSavePackage: Moving '../../../../../UEstaff/HuioMoio2d/HuioMoioProject/Saved/DestructableObject5BCA64774D7F19A31CDC8A9CFBE717E7.tmp' to '../../../../../UEstaff/HuioMoio2d/HuioMoioProject/Content/Colors/BaseColors/DestructableObject.uasset'
[2018.07.18-22.01.48:213][460]LogSavePackage: Display: Finished SavePackage ../../../../../UEstaff/HuioMoio2d/HuioMoioProject/Content/Colors/BaseColors/DestructableObject.uasset
[2018.07.18-22.01.48:215][460]Cmd: OBJ SAVEPACKAGE PACKAGE="/Game/Colors/BaseColors/Walls" FILE="../../../../../UEstaff/HuioMoio2d/HuioMoioProject/Content/Colors/BaseColors/Walls.uasset" SILENT=true
[2018.07.18-22.01.48:217][460]LogSavePackage: Save=1.12ms
[2018.07.18-22.01.48:217][460]LogSavePackage: Moving '../../../../../UEstaff/HuioMoio2d/HuioMoioProject/Saved/Walls448618414D8BB0CEC3764E99C3388698.tmp' to '../../../../../UEstaff/HuioMoio2d/HuioMoioProject/Content/Colors/BaseColors/Walls.uasset'
[2018.07.18-22.01.48:217][460]LogSavePackage: Display: Finished SavePackage ../../../../../UEstaff/HuioMoio2d/HuioMoioProject/Content/Colors/BaseColors/Walls.uasset
[2018.07.18-22.01.55:303][232]LogSlate: Window 'Source Control Login' being destroyed
[2018.07.18-22.03.28:766][176]SourceControl: Source control is disabled
[2018.07.18-22.03.28:766][176]LogSlate: Window 'Source Control Login' being destroyed
[2018.07.18-22.08.38:775][660]LogContentBrowser: Native class hierarchy updated for 'TextureEditor' in 0.0003 seconds. Added 1 classes and 2 folders.
[2018.07.18-22.08.52:029][220]LogTexture: Display: Building textures: Base_House_Floor (BC5, 32X32)
[2018.07.18-22.08.53:439][386]LogTexture: Display: Building textures: Base_House_Floor (AutoDXT, 32X32)
[2018.07.18-22.08.58:522][851]LogSlate: Window 'Base_House_Floor*' being destroyed
[2018.07.18-22.09.32:628][233]LogFileHelpers: Editor autosave (incl. sublevels) for '/Game/Maps/DefaultLevel' took 0.013
[2018.07.18-22.09.32:629][233]OBJ SavePackage: Generating thumbnails for [1] asset(s) in package [/Game/Colors/BaseColors/Base_House_Floor] ([1] browsable assets)...
[2018.07.18-22.09.32:630][233]OBJ SavePackage:     Rendered thumbnail for [Texture2D /Game/Colors/BaseColors/Base_House_Floor.Base_House_Floor]
[2018.07.18-22.09.32:630][233]OBJ SavePackage: Finished generating thumbnails for package [/Game/Colors/BaseColors/Base_House_Floor]
[2018.07.18-22.09.32:633][233]LogSavePackage: Save=1.38ms
[2018.07.18-22.09.32:633][233]LogSavePackage: Moving '../../../../../UEstaff/HuioMoio2d/HuioMoioProject/Saved/Base_House_Floor_Auto122CA751941B7438EE63CFCAA5D714C65.tmp' to '../../../../../UEstaff/HuioMoio2d/HuioMoioProject/Saved/Autosaves/Game/Colors/BaseColors/Base_House_Floor_Auto1.uasset'
[2018.07.18-22.09.32:633][233]LogSavePackage: Display: Finished SavePackage ../../../../../UEstaff/HuioMoio2d/HuioMoioProject/Saved/Autosaves/Game/Colors/BaseColors/Base_House_Floor_Auto1.uasset
[2018.07.18-22.09.32:633][233]LogFileHelpers: Auto-saving content packages took 0.005
[2018.07.18-22.09.56:960][201]LogSlate: Window 'Base_Ground_Color' being destroyed
[2018.07.18-22.14.18:346][292]LogSlate: FSceneViewport::OnFocusLost() reason 0
[2018.07.18-22.14.26:914][311]LogSlate: FSceneViewport::OnFocusLost() reason 0
[2018.07.18-22.14.36:049][396]LogTexture: Display: Building textures: Base_Ground_Color (BGRA8, 32X32)
[2018.07.18-22.14.43:448][272]LogTexture: Display: Building textures: Base_House_Floor (BGRA8, 32X32)
[2018.07.18-22.14.46:226][596]LogTexture: Display: Building textures: DestructableObject (BGRA8, 8X8)
[2018.07.18-22.14.49:546][987]LogTexture: Display: Building textures: Walls (BGRA8, 8X8)
[2018.07.18-22.16.51:801][762]Cmd: OBJ SAVEPACKAGE PACKAGE="/Game/Colors/BaseColors/Base_Ground_Color" FILE="../../../../../UEstaff/HuioMoio2d/HuioMoioProject/Content/Colors/BaseColors/Base_Ground_Color.uasset" SILENT=true
[2018.07.18-22.16.51:836][762]LogSavePackage: Save=33.04ms
[2018.07.18-22.16.51:836][762]LogSavePackage: Moving '../../../../../UEstaff/HuioMoio2d/HuioMoioProject/Saved/Base_Ground_Color93C83D97479549CCC5878983FE5887D9.tmp' to '../../../../../UEstaff/HuioMoio2d/HuioMoioProject/Content/Colors/BaseColors/Base_Ground_Color.uasset'
[2018.07.18-22.16.51:837][762]LogSavePackage: Display: Finished SavePackage ../../../../../UEstaff/HuioMoio2d/HuioMoioProject/Content/Colors/BaseColors/Base_Ground_Color.uasset
[2018.07.18-22.16.51:840][762]Cmd: OBJ SAVEPACKAGE PACKAGE="/Game/Colors/BaseColors/Base_House_Floor" FILE="../../../../../UEstaff/HuioMoio2d/HuioMoioProject/Content/Colors/BaseColors/Base_House_Floor.uasset" SILENT=true
[2018.07.18-22.16.51:842][762]LogSavePackage: Save=1.14ms
[2018.07.18-22.16.51:842][762]LogSavePackage: Moving '../../../../../UEstaff/HuioMoio2d/HuioMoioProject/Saved/Base_House_Floor56AD6F1540A24729946AA2A38144D730.tmp' to '../../../../../UEstaff/HuioMoio2d/HuioMoioProject/Content/Colors/BaseColors/Base_House_Floor.uasset'
[2018.07.18-22.16.51:843][762]LogSavePackage: Display: Finished SavePackage ../../../../../UEstaff/HuioMoio2d/HuioMoioProject/Content/Colors/BaseColors/Base_House_Floor.uasset
[2018.07.18-22.16.51:846][762]Cmd: OBJ SAVEPACKAGE PACKAGE="/Game/Colors/BaseColors/DestructableObject" FILE="../../../../../UEstaff/HuioMoio2d/HuioMoioProject/Content/Colors/BaseColors/DestructableObject.uasset" SILENT=true
[2018.07.18-22.16.51:848][762]LogSavePackage: Save=1.01ms
[2018.07.18-22.16.51:848][762]LogSavePackage: Moving '../../../../../UEstaff/HuioMoio2d/HuioMoioProject/Saved/DestructableObjectCEB841484CBFD215A33556BD4F4A49B7.tmp' to '../../../../../UEstaff/HuioMoio2d/HuioMoioProject/Content/Colors/BaseColors/DestructableObject.uasset'
[2018.07.18-22.16.51:849][762]LogSavePackage: Display: Finished SavePackage ../../../../../UEstaff/HuioMoio2d/HuioMoioProject/Content/Colors/BaseColors/DestructableObject.uasset
[2018.07.18-22.16.51:851][762]Cmd: OBJ SAVEPACKAGE PACKAGE="/Game/Colors/BaseColors/Walls" FILE="../../../../../UEstaff/HuioMoio2d/HuioMoioProject/Content/Colors/BaseColors/Walls.uasset" SILENT=true
[2018.07.18-22.16.51:853][762]LogSavePackage: Save=1.08ms
[2018.07.18-22.16.51:853][762]LogSavePackage: Moving '../../../../../UEstaff/HuioMoio2d/HuioMoioProject/Saved/Walls6FC6571541BAF5EF3ACF11BD877C28F8.tmp' to '../../../../../UEstaff/HuioMoio2d/HuioMoioProject/Content/Colors/BaseColors/Walls.uasset'
[2018.07.18-22.16.51:854][762]LogSavePackage: Display: Finished SavePackage ../../../../../UEstaff/HuioMoio2d/HuioMoioProject/Content/Colors/BaseColors/Walls.uasset
[2018.07.18-22.38.52:462][733]LogSlate: Window 'HuioMoioProject - Unreal Editor' being destroyed
[2018.07.18-22.38.52:636][734]Cmd: QUIT_EDITOR
[2018.07.18-22.38.52:648][734]LogWindowsTextInputMethodSystem: Display: IME system now deactivated.
[2018.07.18-22.38.52:658][734]LogSlate: Slate User Destroyed.  User Index 0, Is Virtual User: 0
[2018.07.18-22.38.52:659][734]LogExit: Preparing to exit.
[2018.07.18-22.38.53:688][734]LogDirectoryWatcher: A directory notification for 'D:/UEstaff/HuioMoio2d/HuioMoioProject/Content/' was aborted.
[2018.07.18-22.38.53:702][734]LogExit: Editor shut down
[2018.07.18-22.38.53:711][734]LogExit: Transaction tracking system shut down
[2018.07.18-22.38.53:779][734]LogDirectoryWatcher: A directory notification for '../../../Engine/Content/' was aborted.
[2018.07.18-22.38.53:779][734]LogDirectoryWatcher: A directory notification for '../../../../../UEstaff/HuioMoio2d/HuioMoioProject/Content/' was aborted.
[2018.07.18-22.38.53:779][734]LogDirectoryWatcher: A directory notification for '../../Plugins/2D/Paper2D/Content/' was aborted.
[2018.07.18-22.38.53:779][734]LogDirectoryWatcher: A directory notification for '../../Plugins/Enterprise/DatasmithContent/Content/' was aborted.
[2018.07.18-22.38.53:779][734]LogDirectoryWatcher: A directory notification for '../../Plugins/Media/MediaCompositing/Content/' was aborted.
[2018.07.18-22.38.53:779][734]LogDirectoryWatcher: A directory notification for '../../Plugins/Runtime/AppleARKit/Content/' was aborted.
[2018.07.18-22.38.53:780][734]LogDirectoryWatcher: A directory notification for '../../Plugins/Runtime/Oculus/OculusVR/Content/' was aborted.
[2018.07.18-22.38.53:780][734]LogDirectoryWatcher: A directory notification for '../../Plugins/Runtime/Steam/SteamVR/Content/' was aborted.
[2018.07.18-22.38.53:832][734]LogExit: Object subsystem successfully closed.
[2018.07.18-22.38.53:848][734]LogShaderCompilers: Display: Shaders left to compile 0
[2018.07.18-22.38.53:851][734]LogD3D11RHI: Shutdown
[2018.07.18-22.38.53:851][734]LogD3D11RHI: CleanupD3DDevice
[2018.07.18-22.38.53:853][734]LogD3D11RHI: ~FD3D11DynamicRHI
[2018.07.18-22.38.53:864][734]LogModuleManager: Shutting down and abandoning module TextureEditor (578)
[2018.07.18-22.38.53:864][734]LogModuleManager: Shutting down and abandoning module HierarchicalLODOutliner (576)
[2018.07.18-22.38.53:864][734]LogModuleManager: Shutting down and abandoning module SceneOutliner (574)
[2018.07.18-22.38.53:864][734]LogModuleManager: Shutting down and abandoning module AddContentDialog (572)
[2018.07.18-22.38.53:864][734]LogDirectoryWatcher: A directory notification for 'D:/UnrealEngine/UE_4.19/FeaturePacks/' was aborted.
[2018.07.18-22.38.53:865][734]LogModuleManager: Shutting down and abandoning module WidgetCarousel (571)
[2018.07.18-22.38.53:865][734]LogModuleManager: Shutting down and abandoning module EditorWidgets (568)
[2018.07.18-22.38.53:865][734]LogModuleManager: Shutting down and abandoning module CollectionManager (566)
[2018.07.18-22.38.53:865][734]LogDirectoryWatcher: A directory notification for 'D:/UEstaff/HuioMoio2d/HuioMoioProject/Content/Collections/' was aborted.
[2018.07.18-22.38.53:865][734]LogDirectoryWatcher: A directory notification for 'D:/UEstaff/HuioMoio2d/HuioMoioProject/Content/Developers/Majestic/Collections/' was aborted.
[2018.07.18-22.38.53:865][734]LogDirectoryWatcher: A directory notification for 'D:/UEstaff/HuioMoio2d/HuioMoioProject/Saved/Collections/' was aborted.
[2018.07.18-22.38.53:865][734]LogModuleManager: Shutting down and abandoning module HierarchicalLODUtilities (564)
[2018.07.18-22.38.53:865][734]LogModuleManager: Shutting down and abandoning module StatsViewer (562)
[2018.07.18-22.38.53:865][734]LogModuleManager: Shutting down and abandoning module FoliageEdit (560)
[2018.07.18-22.38.53:865][734]LogModuleManager: Shutting down and abandoning module LandscapeEditor (558)
[2018.07.18-22.38.53:865][734]LogModuleManager: Shutting down and abandoning module MeshPaintMode (556)
[2018.07.18-22.38.53:865][734]LogModuleManager: Shutting down and abandoning module SceneDepthPickerMode (554)
[2018.07.18-22.38.53:865][734]LogModuleManager: Shutting down and abandoning module ActorPickerMode (552)
[2018.07.18-22.38.53:865][734]LogModuleManager: Shutting down and abandoning module GeometryMode (550)
[2018.07.18-22.38.53:865][734]LogModuleManager: Shutting down and abandoning module TextureAlignMode (548)
[2018.07.18-22.38.53:865][734]LogModuleManager: Shutting down and abandoning module BspMode (546)
[2018.07.18-22.38.53:865][734]LogModuleManager: Shutting down and abandoning module PIEPreviewDeviceProfileSelector (544)
[2018.07.18-22.38.53:865][734]LogModuleManager: Shutting down and abandoning module HardwareSurvey (542)
[2018.07.18-22.38.53:865][734]LogModuleManager: Shutting down and abandoning module SequenceRecorderSections (540)
[2018.07.18-22.38.53:866][734]LogModuleManager: Shutting down and abandoning module AutomationWorker (538)
[2018.07.18-22.38.53:866][734]LogModuleManager: Shutting down and abandoning module AudioCaptureEditor (536)
[2018.07.18-22.38.53:866][734]LogModuleManager: Shutting down and abandoning module SequenceRecorder (535)
[2018.07.18-22.38.53:866][734]LogModuleManager: Shutting down and abandoning module MatineeToLevelSequence (532)
[2018.07.18-22.38.53:866][734]LogModuleManager: Shutting down and abandoning module LevelSequenceEditor (530)
[2018.07.18-22.38.53:866][734]LogModuleManager: Shutting down and abandoning module PlacementMode (529)
[2018.07.18-22.38.53:866][734]LogModuleManager: Shutting down and abandoning module MaterialEditor (528)
[2018.07.18-22.38.53:866][734]LogModuleManager: Shutting down and abandoning module WmfMediaFactory (524)
[2018.07.18-22.38.53:866][734]LogModuleManager: Shutting down and abandoning module WmfMediaEditor (522)
[2018.07.18-22.38.53:866][734]LogModuleManager: Shutting down and abandoning module MediaPlayerEditor (520)
[2018.07.18-22.38.53:866][734]LogModuleManager: Shutting down and abandoning module OpenExrWrapper (518)
[2018.07.18-22.38.53:866][734]LogModuleManager: Shutting down and abandoning module ImgMediaFactory (516)
[2018.07.18-22.38.53:866][734]LogModuleManager: Shutting down and abandoning module ImgMediaEditor (514)
[2018.07.18-22.38.53:866][734]LogModuleManager: Shutting down and abandoning module AvfMediaFactory (512)
[2018.07.18-22.38.53:866][734]LogModuleManager: Shutting down and abandoning module AvfMediaEditor (510)
[2018.07.18-22.38.53:866][734]LogModuleManager: Shutting down and abandoning module AndroidMediaFactory (508)
[2018.07.18-22.38.53:866][734]LogModuleManager: Shutting down and abandoning module AndroidMediaEditor (506)
[2018.07.18-22.38.53:866][734]LogModuleManager: Shutting down and abandoning module CharacterAI (504)
[2018.07.18-22.38.53:866][734]LogModuleManager: Shutting down and abandoning module SmartSnapping (502)
[2018.07.18-22.38.53:866][734]LogModuleManager: Shutting down and abandoning module SessionServices (500)
[2018.07.18-22.38.53:866][734]LogModuleManager: Shutting down and abandoning module ViewportSnapping (498)
[2018.07.18-22.38.53:866][734]LogModuleManager: Shutting down and abandoning module ViewportInteraction (496)
[2018.07.18-22.38.53:866][734]LogModuleManager: Shutting down and abandoning module ClothPainter (494)
[2018.07.18-22.38.53:866][734]LogModuleManager: Shutting down and abandoning module SkeletalMeshEditor (493)
[2018.07.18-22.38.53:866][734]LogModuleManager: Shutting down and abandoning module LogVisualizer (490)
[2018.07.18-22.38.53:866][734]LogModuleManager: Shutting down and abandoning module IntroTutorials (488)
[2018.07.18-22.38.53:866][734]LogModuleManager: Shutting down and abandoning module GameProjectGeneration (487)
[2018.07.18-22.38.53:866][734]LogModuleManager: Shutting down and abandoning module IOSPlatformEditor (484)
[2018.07.18-22.38.53:866][734]LogModuleManager: Shutting down and abandoning module HTML5PlatformEditor (482)
[2018.07.18-22.38.53:866][734]LogModuleManager: Shutting down and abandoning module AndroidPlatformEditor (480)
[2018.07.18-22.38.53:866][734]LogModuleManager: Shutting down and abandoning module AndroidDeviceDetection (479)
[2018.07.18-22.38.54:029][734]LogModuleManager: Shutting down and abandoning module WindowsPlatformEditor (476)
[2018.07.18-22.38.54:029][734]LogModuleManager: Shutting down and abandoning module IOSRuntimeSettings (474)
[2018.07.18-22.38.54:029][734]LogModuleManager: Shutting down and abandoning module AndroidRuntimeSettings (472)
[2018.07.18-22.38.54:029][734]LogModuleManager: Shutting down and abandoning module InputBindingEditor (470)
[2018.07.18-22.38.54:029][734]LogModuleManager: Shutting down and abandoning module MergeActors (468)
[2018.07.18-22.38.54:029][734]LogModuleManager: Shutting down and abandoning module LocalizationDashboard (466)
[2018.07.18-22.38.54:029][734]LogModuleManager: Shutting down and abandoning module LocalizationService (465)
[2018.07.18-22.38.54:029][734]LogModuleManager: Shutting down and abandoning module HardwareTargeting (462)
[2018.07.18-22.38.54:029][734]LogModuleManager: Shutting down and abandoning module DeviceProfileEditor (460)
[2018.07.18-22.38.54:030][734]LogModuleManager: Shutting down and abandoning module UndoHistory (458)
[2018.07.18-22.38.54:030][734]LogModuleManager: Shutting down and abandoning module XmlParser (456)
[2018.07.18-22.38.54:030][734]LogModuleManager: Shutting down and abandoning module Blutility (454)
[2018.07.18-22.38.54:030][734]LogModuleManager: Shutting down and abandoning module ProjectSettingsViewer (452)
[2018.07.18-22.38.54:030][734]LogModuleManager: Shutting down and abandoning module ProjectTargetPlatformEditor (451)
[2018.07.18-22.38.54:030][734]LogModuleManager: Shutting down and abandoning module EditorSettingsViewer (448)
[2018.07.18-22.38.54:030][734]LogModuleManager: Shutting down and abandoning module SettingsEditor (446)
[2018.07.18-22.38.54:030][734]LogModuleManager: Shutting down and abandoning module ProjectLauncher (444)
[2018.07.18-22.38.54:030][734]LogModuleManager: Shutting down and abandoning module SessionFrontend (442)
[2018.07.18-22.38.54:030][734]LogModuleManager: Shutting down and abandoning module ProfilerClient (440)
[2018.07.18-22.38.54:030][734]LogModuleManager: Shutting down and abandoning module DeviceManager (438)
[2018.07.18-22.38.54:030][734]LogModuleManager: Shutting down and abandoning module TargetDeviceServices (437)
[2018.07.18-22.38.54:096][734]LogModuleManager: Shutting down and abandoning module AutomationController (434)
[2018.07.18-22.38.54:096][734]LogModuleManager: Shutting down and abandoning module AutomationWindow (432)
[2018.07.18-22.38.54:096][734]LogModuleManager: Shutting down and abandoning module Layers (430)
[2018.07.18-22.38.54:096][734]LogModuleManager: Shutting down and abandoning module ComponentVisualizers (428)
[2018.07.18-22.38.54:096][734]LogModuleManager: Shutting down and abandoning module DetailCustomizations (426)
[2018.07.18-22.38.54:096][734]LogModuleManager: Shutting down and abandoning module PackagesDialog (424)
[2018.07.18-22.38.54:096][734]LogModuleManager: Shutting down and abandoning module Persona (422)
[2018.07.18-22.38.54:096][734]LogModuleManager: Shutting down and abandoning module AdvancedPreviewScene (421)
[2018.07.18-22.38.54:096][734]LogModuleManager: Shutting down and abandoning module AnimGraph (419)
[2018.07.18-22.38.54:096][734]LogModuleManager: Shutting down and abandoning module Kismet (416)
[2018.07.18-22.38.54:096][734]LogModuleManager: Shutting down and abandoning module GraphEditor (414)
[2018.07.18-22.38.54:096][734]LogModuleManager: Shutting down and abandoning module ClassViewer (412)
[2018.07.18-22.38.54:096][734]LogModuleManager: Shutting down and abandoning module Toolbox (410)
[2018.07.18-22.38.54:096][734]LogModuleManager: Shutting down and abandoning module ModuleUI (408)
[2018.07.18-22.38.54:096][734]LogModuleManager: Shutting down and abandoning module MovieSceneTools (406)
[2018.07.18-22.38.54:097][734]LogModuleManager: Shutting down and abandoning module OutputLog (404)
[2018.07.18-22.38.54:097][734]LogModuleManager: Shutting down and abandoning module GammaUI (402)
[2018.07.18-22.38.54:097][734]LogModuleManager: Shutting down and abandoning module Documentation (400)
[2018.07.18-22.38.54:097][734]LogModuleManager: Shutting down and abandoning module MovieSceneTracks (398)
[2018.07.18-22.38.54:097][734]LogModuleManager: Shutting down and abandoning module MovieScene (396)
[2018.07.18-22.38.54:097][734]LogModuleManager: Shutting down and abandoning module StreamingPauseRendering (394)
[2018.07.18-22.38.54:097][734]LogModuleManager: Shutting down and abandoning module LauncherPlatform (392)
[2018.07.18-22.38.54:097][734]LogModuleManager: Shutting down and abandoning module AnalyticsET (390)
[2018.07.18-22.38.54:097][734]LogModuleManager: Shutting down and abandoning module PortalServices (388)
[2018.07.18-22.38.54:097][734]LogModuleManager: Shutting down and abandoning module PortalRpc (386)
[2018.07.18-22.38.54:097][734]LogModuleManager: Shutting down and abandoning module MessagingRpc (384)
[2018.07.18-22.38.54:097][734]LogModuleManager: Shutting down and abandoning module AIModule (382)
[2018.07.18-22.38.54:097][734]LogModuleManager: Shutting down and abandoning module GameplayDebugger (381)
[2018.07.18-22.38.54:097][734]LogModuleManager: Shutting down and abandoning module AITestSuite (379)
[2018.07.18-22.38.54:097][734]LogModuleManager: Shutting down and abandoning module DesktopPlatform (376)
[2018.07.18-22.38.54:097][734]LogModuleManager: Shutting down and abandoning module ProfilerService (374)
[2018.07.18-22.38.54:327][734]LogModuleManager: Shutting down and abandoning module TaskGraph (372)
[2018.07.18-22.38.54:327][734]LogModuleManager: Shutting down and abandoning module SteamVRController (370)
[2018.07.18-22.38.54:327][734]LogModuleManager: Shutting down and abandoning module ProceduralMeshComponentEditor (368)
[2018.07.18-22.38.54:327][734]LogModuleManager: Shutting down and abandoning module ProceduralMeshComponent (366)
[2018.07.18-22.38.54:327][734]LogModuleManager: Shutting down and abandoning module OculusInput (364)
[2018.07.18-22.38.54:327][734]LogModuleManager: Shutting down and abandoning module MobilePatchingUtils (362)
[2018.07.18-22.38.54:327][734]LogModuleManager: Shutting down and abandoning module CustomMeshComponent (360)
[2018.07.18-22.38.54:327][734]LogModuleManager: Shutting down and abandoning module CableComponent (358)
[2018.07.18-22.38.54:327][734]LogModuleManager: Shutting down and abandoning module AudioCapture (356)
[2018.07.18-22.38.54:327][734]LogModuleManager: Shutting down and abandoning module ArchVisCharacter (354)
[2018.07.18-22.38.54:327][734]LogModuleManager: Shutting down and abandoning module AndroidPermission (352)
[2018.07.18-22.38.54:327][734]LogModuleManager: Shutting down and abandoning module NUTUnrealEngine4 (348)
[2018.07.18-22.38.54:327][734]LogModuleManager: Shutting down and abandoning module NetcodeUnitTest (346)
[2018.07.18-22.38.54:327][734]LogModuleManager: Shutting down and abandoning module MediaCompositingEditor (344)
[2018.07.18-22.38.54:327][734]LogModuleManager: Shutting down and abandoning module MediaCompositing (342)
[2018.07.18-22.38.54:327][734]LogModuleManager: Shutting down and abandoning module LinearTimecode (340)
[2018.07.18-22.38.54:328][734]LogModuleManager: Shutting down and abandoning module ImgMedia (338)
[2018.07.18-22.38.54:331][734]LogModuleManager: Shutting down and abandoning module HTML5Networking (336)
[2018.07.18-22.38.54:331][734]LogModuleManager: Shutting down and abandoning module AlembicImporter (334)
[2018.07.18-22.38.54:331][734]LogModuleManager: Shutting down and abandoning module AlembicLibrary (333)
[2018.07.18-22.38.54:331][734]LogModuleManager: Shutting down and abandoning module GeometryCache (332)
[2018.07.18-22.38.54:331][734]LogModuleManager: Shutting down and abandoning module GeometryCacheEd (331)
[2018.07.18-22.38.54:331][734]LogModuleManager: Shutting down and abandoning module DatasmithContent (326)
[2018.07.18-22.38.54:331][734]LogModuleManager: Shutting down and abandoning module SpeedTreeImporter (324)
[2018.07.18-22.38.54:331][734]LogModuleManager: Shutting down and abandoning module PluginBrowser (322)
[2018.07.18-22.38.54:331][734]LogModuleManager: Shutting down and abandoning module MobileLauncherProfileWizard (320)
[2018.07.18-22.38.54:331][734]LogModuleManager: Shutting down and abandoning module CryptoKeysOpenSSL (318)
[2018.07.18-22.38.54:331][734]LogModuleManager: Shutting down and abandoning module CryptoKeys (316)
[2018.07.18-22.38.54:331][734]LogModuleManager: Shutting down and abandoning module VisualStudioSourceCodeAccess (314)
[2018.07.18-22.38.54:331][734]LogModuleManager: Shutting down and abandoning module VisualStudioCodeSourceCodeAccess (312)
[2018.07.18-22.38.54:331][734]LogModuleManager: Shutting down and abandoning module UObjectPlugin (310)
[2018.07.18-22.38.54:331][734]LogModuleManager: Shutting down and abandoning module SubversionSourceControl (308)
[2018.07.18-22.38.54:331][734]LogModuleManager: Shutting down and abandoning module PerforceSourceControl (306)
[2018.07.18-22.38.54:331][734]LogModuleManager: Shutting down and abandoning module GitSourceControl (304)
[2018.07.18-22.38.54:331][734]LogModuleManager: Shutting down and abandoning module SourceControl (303)
[2018.07.18-22.38.54:331][734]LogModuleManager: Shutting down and abandoning module CLionSourceCodeAccess (300)
[2018.07.18-22.38.54:331][734]LogModuleManager: Shutting down and abandoning module LightPropagationVolumeEditor (298)
[2018.07.18-22.38.54:331][734]LogModuleManager: Shutting down and abandoning module PaperTiledImporter (296)
[2018.07.18-22.38.54:331][734]LogModuleManager: Shutting down and abandoning module PaperSpriteSheetImporter (294)
[2018.07.18-22.38.54:331][734]LogModuleManager: Shutting down and abandoning module Paper2DEditor (292)
[2018.07.18-22.38.54:331][734]LogModuleManager: Shutting down and abandoning module MeshPaint (291)
[2018.07.18-22.38.54:331][734]LogModuleManager: Shutting down and abandoning module RuntimePhysXCooking (288)
[2018.07.18-22.38.54:331][734]LogModuleManager: Shutting down and abandoning module PhysXVehiclesEditor (286)
[2018.07.18-22.38.54:331][734]LogModuleManager: Shutting down and abandoning module PhysXVehicles (284)
[2018.07.18-22.38.54:331][734]LogModuleManager: Shutting down and abandoning module OculusEditor (282)
[2018.07.18-22.38.54:331][734]LogModuleManager: Shutting down and abandoning module LocationServicesBPLibrary (280)
[2018.07.18-22.38.54:331][734]LogModuleManager: Shutting down and abandoning module ImmediatePhysicsEditor (278)
[2018.07.18-22.38.54:331][734]LogModuleManager: Shutting down and abandoning module ImmediatePhysics (276)
[2018.07.18-22.38.54:331][734]LogModuleManager: Shutting down and abandoning module ActorSequence (274)
[2018.07.18-22.38.54:331][734]LogModuleManager: Shutting down and abandoning module UdpMessaging (272)
[2018.07.18-22.38.54:432][734]LogModuleManager: Shutting down and abandoning module TcpMessaging (270)
[2018.07.18-22.38.54:532][734]LogModuleManager: Shutting down and abandoning module GameplayTagsEditor (268)
[2018.07.18-22.38.54:532][734]LogModuleManager: Shutting down and abandoning module FacialAnimationEditor (266)
[2018.07.18-22.38.54:532][734]LogModuleManager: Shutting down and abandoning module FacialAnimation (264)
[2018.07.18-22.38.54:532][734]LogModuleManager: Shutting down and abandoning module DataValidation (262)
[2018.07.18-22.38.54:532][734]LogModuleManager: Shutting down and abandoning module AssetManagerEditor (260)
[2018.07.18-22.38.54:532][734]LogModuleManager: Shutting down and abandoning module LevelEditor (259)
[2018.07.18-22.38.54:533][734]LogModuleManager: Shutting down and abandoning module PixelInspectorModule (258)
[2018.07.18-22.38.54:533][734]LogModuleManager: Shutting down and abandoning module CommonMenuExtensions (256)
[2018.07.18-22.38.54:533][734]LogModuleManager: Shutting down and abandoning module MainFrame (254)
[2018.07.18-22.38.54:533][734]LogModuleManager: Shutting down and abandoning module HotReload (253)
[2018.07.18-22.38.54:534][734]LogModuleManager: Shutting down and abandoning module ContentBrowser (249)
[2018.07.18-22.38.54:535][734]LogModuleManager: Shutting down and abandoning module TreeMap (247)
[2018.07.18-22.38.54:535][734]LogModuleManager: Shutting down and abandoning module LightPropagationVolumeRuntime (244)
[2018.07.18-22.38.54:535][734]LogModuleManager: Shutting down and abandoning module LiveLinkEditor (242)
[2018.07.18-22.38.54:535][734]LogModuleManager: Shutting down and abandoning module LiveLink (240)
[2018.07.18-22.38.54:575][734]LogModuleManager: Shutting down and abandoning module Paper2D (238)
[2018.07.18-22.38.54:576][734]LogModuleManager: Shutting down and abandoning module WindowsMoviePlayer (236)
[2018.07.18-22.38.54:576][734]LogModuleManager: Shutting down and abandoning module WmfMedia (234)
[2018.07.18-22.38.54:577][734]LogModuleManager: Shutting down and abandoning module Media (233)
[2018.07.18-22.38.54:584][734]LogModuleManager: Shutting down and abandoning module PacketHandler (230)
[2018.07.18-22.38.54:584][734]LogModuleManager: Shutting down and abandoning module ClothingSystemEditor (228)
[2018.07.18-22.38.54:584][734]LogModuleManager: Shutting down and abandoning module ClothingSystemRuntime (226)
[2018.07.18-22.38.54:584][734]LogModuleManager: Shutting down and abandoning module MediaAssets (224)
[2018.07.18-22.38.54:584][734]LogModuleManager: Shutting down and abandoning module Overlay (222)
[2018.07.18-22.38.54:584][734]LogModuleManager: Shutting down and abandoning module OverlayEditor (221)
[2018.07.18-22.38.54:585][734]LogModuleManager: Shutting down and abandoning module VREditor (218)
[2018.07.18-22.38.54:585][734]LogModuleManager: Shutting down and abandoning module StringTableEditor (216)
[2018.07.18-22.38.54:585][734]LogModuleManager: Shutting down and abandoning module GameplayTasksEditor (214)
[2018.07.18-22.38.54:585][734]LogModuleManager: Shutting down and abandoning module BehaviorTreeEditor (212)
[2018.07.18-22.38.54:585][734]LogModuleManager: Shutting down and abandoning module FunctionalTesting (210)
[2018.07.18-22.38.54:585][734]LogModuleManager: Shutting down and abandoning module CollisionAnalyzer (208)
[2018.07.18-22.38.54:585][734]LogModuleManager: Shutting down and abandoning module WorkspaceMenuStructure (207)
[2018.07.18-22.38.54:585][734]LogModuleManager: Shutting down and abandoning module UMG (204)
[2018.07.18-22.38.54:585][734]LogModuleManager: Shutting down and abandoning module UMGEditor (203)
[2018.07.18-22.38.54:585][734]LogModuleManager: Shutting down and abandoning module Sequencer (202)
[2018.07.18-22.38.54:585][734]LogModuleManager: Shutting down and abandoning module MessageLog (199)
[2018.07.18-22.38.54:585][734]LogModuleManager: Shutting down and abandoning module SlateReflector (194)
[2018.07.18-22.38.54:585][734]LogModuleManager: Shutting down and abandoning module Slate (192)
[2018.07.18-22.38.54:585][734]LogModuleManager: Shutting down and abandoning module EditorStyle (190)
[2018.07.18-22.38.54:586][734]LogModuleManager: Shutting down and abandoning module MRMesh (188)
[2018.07.18-22.38.54:586][734]LogModuleManager: Shutting down and abandoning module SourceCodeAccess (186)
[2018.07.18-22.38.54:587][734]LogModuleManager: Shutting down and abandoning module HeadMountedDisplay (184)
[2018.07.18-22.38.54:587][734]LogModuleManager: Shutting down and abandoning module XAudio2 (182)
[2018.07.18-22.38.54:587][734]LogModuleManager: Shutting down and abandoning module Networking (180)
[2018.07.18-22.38.54:587][734]LogModuleManager: Shutting down and abandoning module Core (178)
[2018.07.18-22.38.54:587][734]LogModuleManager: Shutting down and abandoning module LevelSequence (176)
[2018.07.18-22.38.54:587][734]LogModuleManager: Shutting down and abandoning module KismetCompiler (174)
[2018.07.18-22.38.54:587][734]LogModuleManager: Shutting down and abandoning module MeshUtilities (172)
[2018.07.18-22.38.54:587][734]LogModuleManager: Shutting down and abandoning module MeshMergeUtilities (171)
[2018.07.18-22.38.54:587][734]LogModuleManager: Shutting down and abandoning module MeshReductionInterface (170)
[2018.07.18-22.38.54:587][734]LogModuleManager: Shutting down and abandoning module SimplygonSwarm (169)
[2018.07.18-22.38.54:587][734]LogModuleManager: Shutting down and abandoning module SimplygonMeshReduction (167)
[2018.07.18-22.38.54:587][734]LogModuleManager: Shutting down and abandoning module QuadricMeshReduction (165)
[2018.07.18-22.38.54:587][734]LogModuleManager: Shutting down and abandoning module MaterialBaking (161)
[2018.07.18-22.38.54:587][734]LogModuleManager: Shutting down and abandoning module DirectoryWatcher (157)
[2018.07.18-22.38.54:588][734]LogModuleManager: Shutting down and abandoning module DerivedDataCache (154)
[2018.07.18-22.38.54:629][734]LogDerivedDataCache: Shutdown
[2018.07.18-22.38.54:629][734]LogModuleManager: Shutting down and abandoning module XGEController (152)
[2018.07.18-22.38.54:629][734]LogXGEController: Cleaning working directory: C:/Users/Majestic/AppData/Local/Temp/UnrealXGEWorkingDir/
[2018.07.18-22.38.54:630][734]LogModuleManager: Shutting down and abandoning module TargetPlatform (150)
[2018.07.18-22.38.54:630][734]LogModuleManager: Shutting down and abandoning module VulkanShaderFormat (149)
[2018.07.18-22.38.54:630][734]LogModuleManager: Shutting down and abandoning module ShaderFormatVectorVM (147)
[2018.07.18-22.38.54:630][734]LogModuleManager: Shutting down and abandoning module ShaderFormatOpenGL (145)
[2018.07.18-22.38.54:630][734]LogModuleManager: Shutting down and abandoning module ShaderFormatD3D (143)
[2018.07.18-22.38.54:630][734]LogModuleManager: Shutting down and abandoning module MetalShaderFormat (141)
[2018.07.18-22.38.54:630][734]LogModuleManager: Shutting down and abandoning module TextureFormatUncompressed (139)
[2018.07.18-22.38.54:630][734]LogModuleManager: Shutting down and abandoning module TextureFormatPVR (137)
[2018.07.18-22.38.54:630][734]LogModuleManager: Shutting down and abandoning module TextureFormatDXT (135)
[2018.07.18-22.38.54:630][734]LogModuleManager: Shutting down and abandoning module TextureFormatIntelISPCTexComp (133)
[2018.07.18-22.38.54:630][734]LogModuleManager: Shutting down and abandoning module TextureFormatASTC (131)
[2018.07.18-22.38.54:630][734]LogModuleManager: Shutting down and abandoning module ImageWrapper (130)
[2018.07.18-22.38.54:630][734]LogModuleManager: Shutting down and abandoning module TextureFormatAndroid (127)
[2018.07.18-22.38.54:630][734]LogModuleManager: Shutting down and abandoning module AudioFormatOpus (125)
[2018.07.18-22.38.54:630][734]LogModuleManager: Shutting down and abandoning module AudioFormatOgg (123)
[2018.07.18-22.38.54:630][734]LogModuleManager: Shutting down and abandoning module AudioFormatADPCM (121)
[2018.07.18-22.38.54:630][734]LogModuleManager: Shutting down and abandoning module LinuxTargetPlatform (119)
[2018.07.18-22.38.54:630][734]LogModuleManager: Shutting down and abandoning module LinuxServerTargetPlatform (117)
[2018.07.18-22.38.54:630][734]LogModuleManager: Shutting down and abandoning module LinuxNoEditorTargetPlatform (115)
[2018.07.18-22.38.54:630][734]LogModuleManager: Shutting down and abandoning module LinuxClientTargetPlatform (113)
[2018.07.18-22.38.54:630][734]LogModuleManager: Shutting down and abandoning module TVOSTargetPlatform (111)
[2018.07.18-22.38.54:630][734]LogModuleManager: Shutting down and abandoning module Messaging (109)
[2018.07.18-22.38.54:630][734]LogModuleManager: Shutting down and abandoning module IOSTargetPlatform (107)
[2018.07.18-22.38.54:630][734]LogModuleManager: Shutting down and abandoning module HTML5TargetPlatform (105)
[2018.07.18-22.38.54:630][734]LogModuleManager: Shutting down and abandoning module AndroidTargetPlatform (103)
[2018.07.18-22.38.54:630][734]LogModuleManager: Shutting down and abandoning module Android_PVRTCTargetPlatform (101)
[2018.07.18-22.38.54:630][734]LogModuleManager: Shutting down and abandoning module Android_MultiTargetPlatform (99)
[2018.07.18-22.38.54:630][734]LogModuleManager: Shutting down and abandoning module Android_ETC2TargetPlatform (97)
[2018.07.18-22.38.54:630][734]LogModuleManager: Shutting down and abandoning module Android_ETC1TargetPlatform (95)
[2018.07.18-22.38.54:630][734]LogModuleManager: Shutting down and abandoning module Android_ETC1aTargetPlatform (93)
[2018.07.18-22.38.54:630][734]LogModuleManager: Shutting down and abandoning module Android_DXTTargetPlatform (91)
[2018.07.18-22.38.54:630][734]LogModuleManager: Shutting down and abandoning module Android_ATCTargetPlatform (89)
[2018.07.18-22.38.54:630][734]LogModuleManager: Shutting down and abandoning module Android_ASTCTargetPlatform (87)
[2018.07.18-22.38.54:630][734]LogModuleManager: Shutting down and abandoning module WindowsTargetPlatform (85)
[2018.07.18-22.38.54:630][734]LogModuleManager: Shutting down and abandoning module WindowsServerTargetPlatform (83)
[2018.07.18-22.38.54:630][734]LogModuleManager: Shutting down and abandoning module WindowsNoEditorTargetPlatform (81)
[2018.07.18-22.38.54:630][734]LogModuleManager: Shutting down and abandoning module WindowsClientTargetPlatform (79)
[2018.07.18-22.38.54:630][734]LogModuleManager: Shutting down and abandoning module MacTargetPlatform (77)
[2018.07.18-22.38.54:630][734]LogModuleManager: Shutting down and abandoning module MacServerTargetPlatform (75)
[2018.07.18-22.38.54:630][734]LogModuleManager: Shutting down and abandoning module MacNoEditorTargetPlatform (73)
[2018.07.18-22.38.54:630][734]LogModuleManager: Shutting down and abandoning module MacClientTargetPlatform (71)
[2018.07.18-22.38.54:630][734]LogModuleManager: Shutting down and abandoning module AllDesktopTargetPlatform (69)
[2018.07.18-22.38.54:630][734]LogModuleManager: Shutting down and abandoning module InputCore (66)
[2018.07.18-22.38.54:630][734]LogModuleManager: Shutting down and abandoning module Settings (64)
[2018.07.18-22.38.54:630][734]LogModuleManager: Shutting down and abandoning module PhysXCooking (62)
[2018.07.18-22.38.54:630][734]LogModuleManager: Shutting down and abandoning module SteamVR (60)
[2018.07.18-22.38.54:630][734]LogModuleManager: Shutting down and abandoning module OculusHMD (58)
[2018.07.18-22.38.54:630][734]LogModuleManager: Shutting down and abandoning module ExampleDeviceProfileSelector (56)
[2018.07.18-22.38.54:630][734]LogModuleManager: Shutting down and abandoning module AppleARKit (54)
[2018.07.18-22.38.54:630][734]LogModuleManager: Shutting down and abandoning module AugmentedReality (51)
[2018.07.18-22.38.54:630][734]LogModuleManager: Shutting down and abandoning module OnlineBlueprintSupport (48)
[2018.07.18-22.38.54:630][734]LogModuleManager: Shutting down and abandoning module OnlineSubsystem (44)
[2018.07.18-22.38.54:631][734]LogModuleManager: Shutting down and abandoning module XMPP (43)
[2018.07.18-22.38.54:631][734]LogModuleManager: Shutting down and abandoning module HTTP (41)
[2018.07.18-22.38.54:631][734]LogHttp: Display: Http module shutting down, but needs to wait on 1 outstanding Http requests:
[2018.07.18-22.38.54:631][734]LogHttp: Display: 	verb=[POST] url=[https://datarouter.ol.epicgames.com/datarouter/api/v1/public/data?SessionID=%7BB106F8C8-4DA0-E508-E237-B1994211756A%7D&AppID=UEEditor.Rocket.Release&AppVersion=4.19.2-4033788%2B%2B%2BUE4%2BRelease-4.19&UserID=0c29a9894ba0bae6795bc781fcacd73d%7C03c1a123603f4e378980ebbd7fbcaaa8%7Cc74d9b06-a250-4278-9d0d-112831e52b3d&AppEnvironment=datacollector-binary&UploadType=eteventstream] status=Processing
[2018.07.18-22.38.54:635][734]LogModuleManager: Shutting down and abandoning module SSL (40)
[2018.07.18-22.38.54:636][734]LogModuleManager: Shutting down and abandoning module AnimationModifiers (36)
[2018.07.18-22.38.54:636][734]LogModuleManager: Shutting down and abandoning module PropertyEditor (35)
[2018.07.18-22.38.54:636][734]LogModuleManager: Shutting down and abandoning module AudioEditor (32)
[2018.07.18-22.38.54:636][734]LogModuleManager: Shutting down and abandoning module TextureCompressor (30)
[2018.07.18-22.38.54:636][734]LogModuleManager: Shutting down and abandoning module ShaderCore (28)
[2018.07.18-22.38.54:636][734]LogModuleManager: Shutting down and abandoning module Landscape (26)
[2018.07.18-22.38.54:636][734]LogModuleManager: Shutting down and abandoning module SlateRHIRenderer (24)
[2018.07.18-22.38.54:637][734]LogModuleManager: Shutting down and abandoning module OpenGLDrv (22)
[2018.07.18-22.38.54:637][734]LogModuleManager: Shutting down and abandoning module D3D11RHI (20)
[2018.07.18-22.38.54:637][734]LogModuleManager: Shutting down and abandoning module AnimGraphRuntime (18)
[2018.07.18-22.38.54:637][734]LogModuleManager: Shutting down and abandoning module Renderer (16)
[2018.07.18-22.38.54:637][734]LogModuleManager: Shutting down and abandoning module Engine (14)
[2018.07.18-22.38.54:637][734]LogModuleManager: Shutting down and abandoning module CoreUObject (12)
[2018.07.18-22.38.54:637][734]LogModuleManager: Shutting down and abandoning module NetworkFile (10)
[2018.07.18-22.38.54:637][734]LogModuleManager: Shutting down and abandoning module CookedIterativeFile (8)
[2018.07.18-22.38.54:637][734]LogModuleManager: Shutting down and abandoning module StreamingFile (6)
[2018.07.18-22.38.54:637][734]LogModuleManager: Shutting down and abandoning module SandboxFile (4)
[2018.07.18-22.38.54:637][734]LogModuleManager: Shutting down and abandoning module PakFile (2)
[2018.07.18-22.38.54:643][734]LogExit: Exiting.
[2018.07.18-22.38.54:649][734]Log file closed, 07/19/18 01:38:54
